<?xml version="1.0" encoding="utf-8"?>
<CoverageSession xmlns:xsd="http://www.w3.org/2001/XMLSchema" xmlns:xsi="http://www.w3.org/2001/XMLSchema-instance" Version="4.6.0.0">
  <Summary numSequencePoints="1004" visitedSequencePoints="176" numBranchPoints="264" visitedBranchPoints="57" sequenceCoverage="17.53" branchCoverage="21.59" maxCyclomaticComplexity="17" minCyclomaticComplexity="1" maxCrapScore="306" minCrapScore="1" visitedClasses="2" numClasses="8" visitedMethods="12" numMethods="72" />
  <Modules>
    <Module hash="03-69-42-08-A4-9E-78-50-15-85-BE-A2-44-15-18-DF-9A-FF-87-8D">
      <Summary numSequencePoints="137" visitedSequencePoints="13" numBranchPoints="18" visitedBranchPoints="1" sequenceCoverage="9.49" branchCoverage="5.56" maxCyclomaticComplexity="1" minCyclomaticComplexity="1" maxCrapScore="2" minCrapScore="1" visitedClasses="1" numClasses="1" visitedMethods="1" numMethods="18" />
      <ModulePath>C:\Univ\IPZ\Refactor\Before\UnitTestProject1\bin\Debug\UnitTestProject1.dll</ModulePath>
      <ModuleTime>2018-11-20T21:25:20.9117328Z</ModuleTime>
      <ModuleName>UnitTestProject1</ModuleName>
      <Files>
        <File uid="1" fullPath="C:\Univ\IPZ\Refactor\Before\UnitTestProject1\UnitTest1.cs" />
      </Files>
      <Classes>
        <Class>
          <Summary numSequencePoints="137" visitedSequencePoints="13" numBranchPoints="18" visitedBranchPoints="1" sequenceCoverage="9.49" branchCoverage="5.56" maxCyclomaticComplexity="1" minCyclomaticComplexity="1" maxCrapScore="2" minCrapScore="1" visitedClasses="1" numClasses="1" visitedMethods="1" numMethods="18" />
          <FullName>UnitTestProject1.UnitTest1</FullName>
          <Methods>
            <Method visited="true" cyclomaticComplexity="1" nPathComplexity="0" sequenceCoverage="100" branchCoverage="100" crapScore="1" isConstructor="false" isStatic="false" isGetter="false" isSetter="false">
              <Summary numSequencePoints="13" visitedSequencePoints="13" numBranchPoints="1" visitedBranchPoints="1" sequenceCoverage="100" branchCoverage="100" maxCyclomaticComplexity="1" minCyclomaticComplexity="1" maxCrapScore="1" minCrapScore="1" visitedClasses="0" numClasses="0" visitedMethods="1" numMethods="1" />
              <MetadataToken>100663297</MetadataToken>
              <Name>System.Void UnitTestProject1.UnitTest1::HeapSize_Big_Insert_Test()</Name>
              <FileRef uid="1" />
              <SequencePoints>
                <SequencePoint vc="1" uspid="1" ordinal="0" offset="0" sl="12" sc="9" el="12" ec="10" bec="0" bev="0" fileid="1">
                  <TrackedMethodRefs>
                    <TrackedMethodRef uid="1" vc="1" />
                  </TrackedMethodRefs>
                </SequencePoint>
                <SequencePoint vc="1" uspid="2" ordinal="1" offset="1" sl="13" sc="13" el="13" ec="33" bec="0" bev="0" fileid="1">
                  <TrackedMethodRefs>
                    <TrackedMethodRef uid="1" vc="1" />
                  </TrackedMethodRefs>
                </SequencePoint>
                <SequencePoint vc="1" uspid="3" ordinal="2" offset="7" sl="14" sc="13" el="14" ec="26" bec="0" bev="0" fileid="1">
                  <TrackedMethodRefs>
                    <TrackedMethodRef uid="1" vc="1" />
                  </TrackedMethodRefs>
                </SequencePoint>
                <SequencePoint vc="1" uspid="4" ordinal="3" offset="16" sl="15" sc="13" el="15" ec="26" bec="0" bev="0" fileid="1">
                  <TrackedMethodRefs>
                    <TrackedMethodRef uid="1" vc="1" />
                  </TrackedMethodRefs>
                </SequencePoint>
                <SequencePoint vc="1" uspid="5" ordinal="4" offset="25" sl="16" sc="13" el="16" ec="26" bec="0" bev="0" fileid="1">
                  <TrackedMethodRefs>
                    <TrackedMethodRef uid="1" vc="1" />
                  </TrackedMethodRefs>
                </SequencePoint>
                <SequencePoint vc="1" uspid="6" ordinal="5" offset="34" sl="17" sc="13" el="17" ec="26" bec="0" bev="0" fileid="1">
                  <TrackedMethodRefs>
                    <TrackedMethodRef uid="1" vc="1" />
                  </TrackedMethodRefs>
                </SequencePoint>
                <SequencePoint vc="1" uspid="7" ordinal="6" offset="43" sl="18" sc="13" el="18" ec="26" bec="0" bev="0" fileid="1">
                  <TrackedMethodRefs>
                    <TrackedMethodRef uid="1" vc="1" />
                  </TrackedMethodRefs>
                </SequencePoint>
                <SequencePoint vc="1" uspid="8" ordinal="7" offset="52" sl="19" sc="13" el="19" ec="26" bec="0" bev="0" fileid="1">
                  <TrackedMethodRefs>
                    <TrackedMethodRef uid="1" vc="1" />
                  </TrackedMethodRefs>
                </SequencePoint>
                <SequencePoint vc="1" uspid="9" ordinal="8" offset="61" sl="20" sc="13" el="20" ec="26" bec="0" bev="0" fileid="1">
                  <TrackedMethodRefs>
                    <TrackedMethodRef uid="1" vc="1" />
                  </TrackedMethodRefs>
                </SequencePoint>
                <SequencePoint vc="1" uspid="10" ordinal="9" offset="70" sl="21" sc="13" el="21" ec="26" bec="0" bev="0" fileid="1">
                  <TrackedMethodRefs>
                    <TrackedMethodRef uid="1" vc="1" />
                  </TrackedMethodRefs>
                </SequencePoint>
                <SequencePoint vc="1" uspid="11" ordinal="10" offset="79" sl="22" sc="13" el="22" ec="26" bec="0" bev="0" fileid="1">
                  <TrackedMethodRefs>
                    <TrackedMethodRef uid="1" vc="1" />
                  </TrackedMethodRefs>
                </SequencePoint>
                <SequencePoint vc="1" uspid="12" ordinal="11" offset="88" sl="24" sc="13" el="24" ec="44" bec="0" bev="0" fileid="1">
                  <TrackedMethodRefs>
                    <TrackedMethodRef uid="1" vc="1" />
                  </TrackedMethodRefs>
                </SequencePoint>
                <SequencePoint vc="1" uspid="13" ordinal="12" offset="102" sl="25" sc="9" el="25" ec="10" bec="0" bev="0" fileid="1">
                  <TrackedMethodRefs>
                    <TrackedMethodRef uid="1" vc="1" />
                  </TrackedMethodRefs>
                </SequencePoint>
              </SequencePoints>
              <BranchPoints />
              <MethodPoint xsi:type="SequencePoint" vc="1" uspid="1" ordinal="0" offset="0" sl="12" sc="9" el="12" ec="10" bec="0" bev="0" fileid="1">
                <TrackedMethodRefs>
                  <TrackedMethodRef uid="1" vc="1" />
                </TrackedMethodRefs>
              </MethodPoint>
            </Method>
            <Method visited="false" cyclomaticComplexity="1" nPathComplexity="0" sequenceCoverage="0" branchCoverage="0" crapScore="2" isConstructor="false" isStatic="false" isGetter="false" isSetter="false">
              <Summary numSequencePoints="5" visitedSequencePoints="0" numBranchPoints="1" visitedBranchPoints="0" sequenceCoverage="0" branchCoverage="0" maxCyclomaticComplexity="1" minCyclomaticComplexity="1" maxCrapScore="2" minCrapScore="2" visitedClasses="0" numClasses="0" visitedMethods="0" numMethods="1" />
              <MetadataToken>100663298</MetadataToken>
              <Name>System.Void UnitTestProject1.UnitTest1::HeapSize_OneElem_Test()</Name>
              <FileRef uid="1" />
              <SequencePoints>
                <SequencePoint vc="0" uspid="14" ordinal="0" offset="0" sl="29" sc="9" el="29" ec="10" bec="0" bev="0" fileid="1" />
                <SequencePoint vc="0" uspid="15" ordinal="1" offset="1" sl="30" sc="13" el="30" ec="33" bec="0" bev="0" fileid="1" />
                <SequencePoint vc="0" uspid="16" ordinal="2" offset="7" sl="31" sc="13" el="31" ec="25" bec="0" bev="0" fileid="1" />
                <SequencePoint vc="0" uspid="17" ordinal="3" offset="15" sl="33" sc="13" el="33" ec="44" bec="0" bev="0" fileid="1" />
                <SequencePoint vc="0" uspid="18" ordinal="4" offset="28" sl="34" sc="9" el="34" ec="10" bec="0" bev="0" fileid="1" />
              </SequencePoints>
              <BranchPoints />
              <MethodPoint xsi:type="SequencePoint" vc="0" uspid="14" ordinal="0" offset="0" sl="29" sc="9" el="29" ec="10" bec="0" bev="0" fileid="1" />
            </Method>
            <Method visited="false" cyclomaticComplexity="1" nPathComplexity="0" sequenceCoverage="0" branchCoverage="0" crapScore="2" isConstructor="false" isStatic="false" isGetter="false" isSetter="false">
              <Summary numSequencePoints="9" visitedSequencePoints="0" numBranchPoints="1" visitedBranchPoints="0" sequenceCoverage="0" branchCoverage="0" maxCyclomaticComplexity="1" minCyclomaticComplexity="1" maxCrapScore="2" minCrapScore="2" visitedClasses="0" numClasses="0" visitedMethods="0" numMethods="1" />
              <MetadataToken>100663299</MetadataToken>
              <Name>System.Void UnitTestProject1.UnitTest1::HeapSize_AfterClear_Test()</Name>
              <FileRef uid="1" />
              <SequencePoints>
                <SequencePoint vc="0" uspid="19" ordinal="0" offset="0" sl="38" sc="9" el="38" ec="10" bec="0" bev="0" fileid="1" />
                <SequencePoint vc="0" uspid="20" ordinal="1" offset="1" sl="39" sc="13" el="39" ec="33" bec="0" bev="0" fileid="1" />
                <SequencePoint vc="0" uspid="21" ordinal="2" offset="7" sl="40" sc="13" el="40" ec="26" bec="0" bev="0" fileid="1" />
                <SequencePoint vc="0" uspid="22" ordinal="3" offset="16" sl="41" sc="13" el="41" ec="25" bec="0" bev="0" fileid="1" />
                <SequencePoint vc="0" uspid="23" ordinal="4" offset="24" sl="42" sc="13" el="42" ec="25" bec="0" bev="0" fileid="1" />
                <SequencePoint vc="0" uspid="24" ordinal="5" offset="32" sl="43" sc="13" el="43" ec="25" bec="0" bev="0" fileid="1" />
                <SequencePoint vc="0" uspid="25" ordinal="6" offset="40" sl="45" sc="13" el="45" ec="23" bec="0" bev="0" fileid="1" />
                <SequencePoint vc="0" uspid="26" ordinal="7" offset="47" sl="47" sc="13" el="47" ec="44" bec="0" bev="0" fileid="1" />
                <SequencePoint vc="0" uspid="27" ordinal="8" offset="60" sl="48" sc="9" el="48" ec="10" bec="0" bev="0" fileid="1" />
              </SequencePoints>
              <BranchPoints />
              <MethodPoint xsi:type="SequencePoint" vc="0" uspid="19" ordinal="0" offset="0" sl="38" sc="9" el="38" ec="10" bec="0" bev="0" fileid="1" />
            </Method>
            <Method visited="false" cyclomaticComplexity="1" nPathComplexity="0" sequenceCoverage="0" branchCoverage="0" crapScore="2" isConstructor="false" isStatic="false" isGetter="false" isSetter="false">
              <Summary numSequencePoints="8" visitedSequencePoints="0" numBranchPoints="1" visitedBranchPoints="0" sequenceCoverage="0" branchCoverage="0" maxCyclomaticComplexity="1" minCyclomaticComplexity="1" maxCrapScore="2" minCrapScore="2" visitedClasses="0" numClasses="0" visitedMethods="0" numMethods="1" />
              <MetadataToken>100663300</MetadataToken>
              <Name>System.Void UnitTestProject1.UnitTest1::HeapHeight_FullArray_Test()</Name>
              <FileRef uid="1" />
              <SequencePoints>
                <SequencePoint vc="0" uspid="28" ordinal="0" offset="0" sl="52" sc="9" el="52" ec="10" bec="0" bev="0" fileid="1" />
                <SequencePoint vc="0" uspid="29" ordinal="1" offset="1" sl="53" sc="13" el="53" ec="33" bec="0" bev="0" fileid="1" />
                <SequencePoint vc="0" uspid="30" ordinal="2" offset="7" sl="54" sc="13" el="54" ec="25" bec="0" bev="0" fileid="1" />
                <SequencePoint vc="0" uspid="31" ordinal="3" offset="15" sl="55" sc="13" el="55" ec="25" bec="0" bev="0" fileid="1" />
                <SequencePoint vc="0" uspid="32" ordinal="4" offset="23" sl="56" sc="13" el="56" ec="26" bec="0" bev="0" fileid="1" />
                <SequencePoint vc="0" uspid="33" ordinal="5" offset="32" sl="57" sc="13" el="57" ec="25" bec="0" bev="0" fileid="1" />
                <SequencePoint vc="0" uspid="34" ordinal="6" offset="40" sl="59" sc="13" el="59" ec="42" bec="0" bev="0" fileid="1" />
                <SequencePoint vc="0" uspid="35" ordinal="7" offset="53" sl="60" sc="9" el="60" ec="10" bec="0" bev="0" fileid="1" />
              </SequencePoints>
              <BranchPoints />
              <MethodPoint xsi:type="SequencePoint" vc="0" uspid="28" ordinal="0" offset="0" sl="52" sc="9" el="52" ec="10" bec="0" bev="0" fileid="1" />
            </Method>
            <Method visited="false" cyclomaticComplexity="1" nPathComplexity="0" sequenceCoverage="0" branchCoverage="0" crapScore="2" isConstructor="false" isStatic="false" isGetter="false" isSetter="false">
              <Summary numSequencePoints="5" visitedSequencePoints="0" numBranchPoints="1" visitedBranchPoints="0" sequenceCoverage="0" branchCoverage="0" maxCyclomaticComplexity="1" minCyclomaticComplexity="1" maxCrapScore="2" minCrapScore="2" visitedClasses="0" numClasses="0" visitedMethods="0" numMethods="1" />
              <MetadataToken>100663301</MetadataToken>
              <Name>System.Void UnitTestProject1.UnitTest1::HeapHeight_OneElemArray_Test()</Name>
              <FileRef uid="1" />
              <SequencePoints>
                <SequencePoint vc="0" uspid="36" ordinal="0" offset="0" sl="64" sc="9" el="64" ec="10" bec="0" bev="0" fileid="1" />
                <SequencePoint vc="0" uspid="37" ordinal="1" offset="1" sl="65" sc="13" el="65" ec="33" bec="0" bev="0" fileid="1" />
                <SequencePoint vc="0" uspid="38" ordinal="2" offset="7" sl="66" sc="13" el="66" ec="25" bec="0" bev="0" fileid="1" />
                <SequencePoint vc="0" uspid="39" ordinal="3" offset="15" sl="68" sc="13" el="68" ec="42" bec="0" bev="0" fileid="1" />
                <SequencePoint vc="0" uspid="40" ordinal="4" offset="28" sl="69" sc="9" el="69" ec="10" bec="0" bev="0" fileid="1" />
              </SequencePoints>
              <BranchPoints />
              <MethodPoint xsi:type="SequencePoint" vc="0" uspid="36" ordinal="0" offset="0" sl="64" sc="9" el="64" ec="10" bec="0" bev="0" fileid="1" />
            </Method>
            <Method visited="false" cyclomaticComplexity="1" nPathComplexity="0" sequenceCoverage="0" branchCoverage="0" crapScore="2" isConstructor="false" isStatic="false" isGetter="false" isSetter="false">
              <Summary numSequencePoints="9" visitedSequencePoints="0" numBranchPoints="1" visitedBranchPoints="0" sequenceCoverage="0" branchCoverage="0" maxCyclomaticComplexity="1" minCyclomaticComplexity="1" maxCrapScore="2" minCrapScore="2" visitedClasses="0" numClasses="0" visitedMethods="0" numMethods="1" />
              <MetadataToken>100663302</MetadataToken>
              <Name>System.Void UnitTestProject1.UnitTest1::MinElem_FullArray_Test()</Name>
              <FileRef uid="1" />
              <SequencePoints>
                <SequencePoint vc="0" uspid="41" ordinal="0" offset="0" sl="73" sc="9" el="73" ec="10" bec="0" bev="0" fileid="1" />
                <SequencePoint vc="0" uspid="42" ordinal="1" offset="1" sl="74" sc="13" el="74" ec="33" bec="0" bev="0" fileid="1" />
                <SequencePoint vc="0" uspid="43" ordinal="2" offset="7" sl="75" sc="13" el="75" ec="25" bec="0" bev="0" fileid="1" />
                <SequencePoint vc="0" uspid="44" ordinal="3" offset="15" sl="76" sc="13" el="76" ec="25" bec="0" bev="0" fileid="1" />
                <SequencePoint vc="0" uspid="45" ordinal="4" offset="23" sl="77" sc="13" el="77" ec="26" bec="0" bev="0" fileid="1" />
                <SequencePoint vc="0" uspid="46" ordinal="5" offset="32" sl="78" sc="13" el="78" ec="25" bec="0" bev="0" fileid="1" />
                <SequencePoint vc="0" uspid="47" ordinal="6" offset="40" sl="79" sc="13" el="79" ec="25" bec="0" bev="0" fileid="1" />
                <SequencePoint vc="0" uspid="48" ordinal="7" offset="48" sl="81" sc="13" el="81" ec="41" bec="0" bev="0" fileid="1" />
                <SequencePoint vc="0" uspid="49" ordinal="8" offset="61" sl="82" sc="9" el="82" ec="10" bec="0" bev="0" fileid="1" />
              </SequencePoints>
              <BranchPoints />
              <MethodPoint xsi:type="SequencePoint" vc="0" uspid="41" ordinal="0" offset="0" sl="73" sc="9" el="73" ec="10" bec="0" bev="0" fileid="1" />
            </Method>
            <Method visited="false" cyclomaticComplexity="1" nPathComplexity="0" sequenceCoverage="0" branchCoverage="0" crapScore="2" isConstructor="false" isStatic="false" isGetter="false" isSetter="false">
              <Summary numSequencePoints="5" visitedSequencePoints="0" numBranchPoints="1" visitedBranchPoints="0" sequenceCoverage="0" branchCoverage="0" maxCyclomaticComplexity="1" minCyclomaticComplexity="1" maxCrapScore="2" minCrapScore="2" visitedClasses="0" numClasses="0" visitedMethods="0" numMethods="1" />
              <MetadataToken>100663303</MetadataToken>
              <Name>System.Void UnitTestProject1.UnitTest1::MinElem_OneElemArray_Test()</Name>
              <FileRef uid="1" />
              <SequencePoints>
                <SequencePoint vc="0" uspid="50" ordinal="0" offset="0" sl="86" sc="9" el="86" ec="10" bec="0" bev="0" fileid="1" />
                <SequencePoint vc="0" uspid="51" ordinal="1" offset="1" sl="87" sc="13" el="87" ec="33" bec="0" bev="0" fileid="1" />
                <SequencePoint vc="0" uspid="52" ordinal="2" offset="7" sl="88" sc="13" el="88" ec="25" bec="0" bev="0" fileid="1" />
                <SequencePoint vc="0" uspid="53" ordinal="3" offset="15" sl="90" sc="13" el="90" ec="41" bec="0" bev="0" fileid="1" />
                <SequencePoint vc="0" uspid="54" ordinal="4" offset="28" sl="91" sc="9" el="91" ec="10" bec="0" bev="0" fileid="1" />
              </SequencePoints>
              <BranchPoints />
              <MethodPoint xsi:type="SequencePoint" vc="0" uspid="50" ordinal="0" offset="0" sl="86" sc="9" el="86" ec="10" bec="0" bev="0" fileid="1" />
            </Method>
            <Method visited="false" cyclomaticComplexity="1" nPathComplexity="0" sequenceCoverage="0" branchCoverage="0" crapScore="2" isConstructor="false" isStatic="false" isGetter="false" isSetter="false">
              <Summary numSequencePoints="4" visitedSequencePoints="0" numBranchPoints="1" visitedBranchPoints="0" sequenceCoverage="0" branchCoverage="0" maxCyclomaticComplexity="1" minCyclomaticComplexity="1" maxCrapScore="2" minCrapScore="2" visitedClasses="0" numClasses="0" visitedMethods="0" numMethods="1" />
              <MetadataToken>100663304</MetadataToken>
              <Name>System.Void UnitTestProject1.UnitTest1::MinElem_EmptyArray_Test()</Name>
              <FileRef uid="1" />
              <SequencePoints>
                <SequencePoint vc="0" uspid="55" ordinal="0" offset="0" sl="95" sc="9" el="95" ec="10" bec="0" bev="0" fileid="1" />
                <SequencePoint vc="0" uspid="56" ordinal="1" offset="1" sl="96" sc="13" el="96" ec="33" bec="0" bev="0" fileid="1" />
                <SequencePoint vc="0" uspid="57" ordinal="2" offset="7" sl="98" sc="13" el="98" ec="41" bec="0" bev="0" fileid="1" />
                <SequencePoint vc="0" uspid="58" ordinal="3" offset="20" sl="99" sc="9" el="99" ec="10" bec="0" bev="0" fileid="1" />
              </SequencePoints>
              <BranchPoints />
              <MethodPoint xsi:type="SequencePoint" vc="0" uspid="55" ordinal="0" offset="0" sl="95" sc="9" el="95" ec="10" bec="0" bev="0" fileid="1" />
            </Method>
            <Method visited="false" cyclomaticComplexity="1" nPathComplexity="0" sequenceCoverage="0" branchCoverage="0" crapScore="2" isConstructor="false" isStatic="false" isGetter="false" isSetter="false">
              <Summary numSequencePoints="9" visitedSequencePoints="0" numBranchPoints="1" visitedBranchPoints="0" sequenceCoverage="0" branchCoverage="0" maxCyclomaticComplexity="1" minCyclomaticComplexity="1" maxCrapScore="2" minCrapScore="2" visitedClasses="0" numClasses="0" visitedMethods="0" numMethods="1" />
              <MetadataToken>100663305</MetadataToken>
              <Name>System.Void UnitTestProject1.UnitTest1::MaxElem_FullArray_Test()</Name>
              <FileRef uid="1" />
              <SequencePoints>
                <SequencePoint vc="0" uspid="59" ordinal="0" offset="0" sl="103" sc="9" el="103" ec="10" bec="0" bev="0" fileid="1" />
                <SequencePoint vc="0" uspid="60" ordinal="1" offset="1" sl="104" sc="13" el="104" ec="33" bec="0" bev="0" fileid="1" />
                <SequencePoint vc="0" uspid="61" ordinal="2" offset="7" sl="105" sc="13" el="105" ec="25" bec="0" bev="0" fileid="1" />
                <SequencePoint vc="0" uspid="62" ordinal="3" offset="15" sl="106" sc="13" el="106" ec="25" bec="0" bev="0" fileid="1" />
                <SequencePoint vc="0" uspid="63" ordinal="4" offset="23" sl="107" sc="13" el="107" ec="26" bec="0" bev="0" fileid="1" />
                <SequencePoint vc="0" uspid="64" ordinal="5" offset="32" sl="108" sc="13" el="108" ec="25" bec="0" bev="0" fileid="1" />
                <SequencePoint vc="0" uspid="65" ordinal="6" offset="40" sl="109" sc="13" el="109" ec="25" bec="0" bev="0" fileid="1" />
                <SequencePoint vc="0" uspid="66" ordinal="7" offset="48" sl="111" sc="13" el="111" ec="42" bec="0" bev="0" fileid="1" />
                <SequencePoint vc="0" uspid="67" ordinal="8" offset="62" sl="112" sc="9" el="112" ec="10" bec="0" bev="0" fileid="1" />
              </SequencePoints>
              <BranchPoints />
              <MethodPoint xsi:type="SequencePoint" vc="0" uspid="59" ordinal="0" offset="0" sl="103" sc="9" el="103" ec="10" bec="0" bev="0" fileid="1" />
            </Method>
            <Method visited="false" cyclomaticComplexity="1" nPathComplexity="0" sequenceCoverage="0" branchCoverage="0" crapScore="2" isConstructor="false" isStatic="false" isGetter="false" isSetter="false">
              <Summary numSequencePoints="5" visitedSequencePoints="0" numBranchPoints="1" visitedBranchPoints="0" sequenceCoverage="0" branchCoverage="0" maxCyclomaticComplexity="1" minCyclomaticComplexity="1" maxCrapScore="2" minCrapScore="2" visitedClasses="0" numClasses="0" visitedMethods="0" numMethods="1" />
              <MetadataToken>100663306</MetadataToken>
              <Name>System.Void UnitTestProject1.UnitTest1::MaxElem_OneElemArray_Test()</Name>
              <FileRef uid="1" />
              <SequencePoints>
                <SequencePoint vc="0" uspid="68" ordinal="0" offset="0" sl="116" sc="9" el="116" ec="10" bec="0" bev="0" fileid="1" />
                <SequencePoint vc="0" uspid="69" ordinal="1" offset="1" sl="117" sc="13" el="117" ec="33" bec="0" bev="0" fileid="1" />
                <SequencePoint vc="0" uspid="70" ordinal="2" offset="7" sl="118" sc="13" el="118" ec="25" bec="0" bev="0" fileid="1" />
                <SequencePoint vc="0" uspid="71" ordinal="3" offset="15" sl="120" sc="13" el="120" ec="41" bec="0" bev="0" fileid="1" />
                <SequencePoint vc="0" uspid="72" ordinal="4" offset="28" sl="121" sc="9" el="121" ec="10" bec="0" bev="0" fileid="1" />
              </SequencePoints>
              <BranchPoints />
              <MethodPoint xsi:type="SequencePoint" vc="0" uspid="68" ordinal="0" offset="0" sl="116" sc="9" el="116" ec="10" bec="0" bev="0" fileid="1" />
            </Method>
            <Method visited="false" cyclomaticComplexity="1" nPathComplexity="0" sequenceCoverage="0" branchCoverage="0" crapScore="2" isConstructor="false" isStatic="false" isGetter="false" isSetter="false">
              <Summary numSequencePoints="4" visitedSequencePoints="0" numBranchPoints="1" visitedBranchPoints="0" sequenceCoverage="0" branchCoverage="0" maxCyclomaticComplexity="1" minCyclomaticComplexity="1" maxCrapScore="2" minCrapScore="2" visitedClasses="0" numClasses="0" visitedMethods="0" numMethods="1" />
              <MetadataToken>100663307</MetadataToken>
              <Name>System.Void UnitTestProject1.UnitTest1::MaxElem_EmptyArray_Test()</Name>
              <FileRef uid="1" />
              <SequencePoints>
                <SequencePoint vc="0" uspid="73" ordinal="0" offset="0" sl="125" sc="9" el="125" ec="10" bec="0" bev="0" fileid="1" />
                <SequencePoint vc="0" uspid="74" ordinal="1" offset="1" sl="126" sc="13" el="126" ec="33" bec="0" bev="0" fileid="1" />
                <SequencePoint vc="0" uspid="75" ordinal="2" offset="7" sl="128" sc="13" el="128" ec="41" bec="0" bev="0" fileid="1" />
                <SequencePoint vc="0" uspid="76" ordinal="3" offset="20" sl="129" sc="9" el="129" ec="10" bec="0" bev="0" fileid="1" />
              </SequencePoints>
              <BranchPoints />
              <MethodPoint xsi:type="SequencePoint" vc="0" uspid="73" ordinal="0" offset="0" sl="125" sc="9" el="125" ec="10" bec="0" bev="0" fileid="1" />
            </Method>
            <Method visited="false" cyclomaticComplexity="1" nPathComplexity="0" sequenceCoverage="0" branchCoverage="0" crapScore="2" isConstructor="false" isStatic="false" isGetter="false" isSetter="false">
              <Summary numSequencePoints="9" visitedSequencePoints="0" numBranchPoints="1" visitedBranchPoints="0" sequenceCoverage="0" branchCoverage="0" maxCyclomaticComplexity="1" minCyclomaticComplexity="1" maxCrapScore="2" minCrapScore="2" visitedClasses="0" numClasses="0" visitedMethods="0" numMethods="1" />
              <MetadataToken>100663308</MetadataToken>
              <Name>System.Void UnitTestProject1.UnitTest1::FindExistingElem_FullArray_Test(System.Int32)</Name>
              <FileRef uid="1" />
              <SequencePoints>
                <SequencePoint vc="0" uspid="77" ordinal="0" offset="0" sl="136" sc="9" el="136" ec="10" bec="0" bev="0" fileid="1" />
                <SequencePoint vc="0" uspid="78" ordinal="1" offset="1" sl="137" sc="13" el="137" ec="33" bec="0" bev="0" fileid="1" />
                <SequencePoint vc="0" uspid="79" ordinal="2" offset="7" sl="138" sc="13" el="138" ec="25" bec="0" bev="0" fileid="1" />
                <SequencePoint vc="0" uspid="80" ordinal="3" offset="15" sl="139" sc="13" el="139" ec="25" bec="0" bev="0" fileid="1" />
                <SequencePoint vc="0" uspid="81" ordinal="4" offset="23" sl="140" sc="13" el="140" ec="26" bec="0" bev="0" fileid="1" />
                <SequencePoint vc="0" uspid="82" ordinal="5" offset="32" sl="141" sc="13" el="141" ec="25" bec="0" bev="0" fileid="1" />
                <SequencePoint vc="0" uspid="83" ordinal="6" offset="40" sl="142" sc="13" el="142" ec="25" bec="0" bev="0" fileid="1" />
                <SequencePoint vc="0" uspid="84" ordinal="7" offset="48" sl="144" sc="13" el="144" ec="51" bec="0" bev="0" fileid="1" />
                <SequencePoint vc="0" uspid="85" ordinal="8" offset="62" sl="145" sc="9" el="145" ec="10" bec="0" bev="0" fileid="1" />
              </SequencePoints>
              <BranchPoints />
              <MethodPoint xsi:type="SequencePoint" vc="0" uspid="77" ordinal="0" offset="0" sl="136" sc="9" el="136" ec="10" bec="0" bev="0" fileid="1" />
            </Method>
            <Method visited="false" cyclomaticComplexity="1" nPathComplexity="0" sequenceCoverage="0" branchCoverage="0" crapScore="2" isConstructor="false" isStatic="false" isGetter="false" isSetter="false">
              <Summary numSequencePoints="5" visitedSequencePoints="0" numBranchPoints="1" visitedBranchPoints="0" sequenceCoverage="0" branchCoverage="0" maxCyclomaticComplexity="1" minCyclomaticComplexity="1" maxCrapScore="2" minCrapScore="2" visitedClasses="0" numClasses="0" visitedMethods="0" numMethods="1" />
              <MetadataToken>100663309</MetadataToken>
              <Name>System.Void UnitTestProject1.UnitTest1::FindExistingElem_OneElemArray_Test()</Name>
              <FileRef uid="1" />
              <SequencePoints>
                <SequencePoint vc="0" uspid="86" ordinal="0" offset="0" sl="149" sc="9" el="149" ec="10" bec="0" bev="0" fileid="1" />
                <SequencePoint vc="0" uspid="87" ordinal="1" offset="1" sl="150" sc="13" el="150" ec="33" bec="0" bev="0" fileid="1" />
                <SequencePoint vc="0" uspid="88" ordinal="2" offset="7" sl="151" sc="13" el="151" ec="25" bec="0" bev="0" fileid="1" />
                <SequencePoint vc="0" uspid="89" ordinal="3" offset="15" sl="153" sc="13" el="153" ec="46" bec="0" bev="0" fileid="1" />
                <SequencePoint vc="0" uspid="90" ordinal="4" offset="29" sl="154" sc="9" el="154" ec="10" bec="0" bev="0" fileid="1" />
              </SequencePoints>
              <BranchPoints />
              <MethodPoint xsi:type="SequencePoint" vc="0" uspid="86" ordinal="0" offset="0" sl="149" sc="9" el="149" ec="10" bec="0" bev="0" fileid="1" />
            </Method>
            <Method visited="false" cyclomaticComplexity="1" nPathComplexity="0" sequenceCoverage="0" branchCoverage="0" crapScore="2" isConstructor="false" isStatic="false" isGetter="false" isSetter="false">
              <Summary numSequencePoints="9" visitedSequencePoints="0" numBranchPoints="1" visitedBranchPoints="0" sequenceCoverage="0" branchCoverage="0" maxCyclomaticComplexity="1" minCyclomaticComplexity="1" maxCrapScore="2" minCrapScore="2" visitedClasses="0" numClasses="0" visitedMethods="0" numMethods="1" />
              <MetadataToken>100663310</MetadataToken>
              <Name>System.Void UnitTestProject1.UnitTest1::FindAbsentElem_FullArray_Test(System.Int32)</Name>
              <FileRef uid="1" />
              <SequencePoints>
                <SequencePoint vc="0" uspid="91" ordinal="0" offset="0" sl="161" sc="9" el="161" ec="10" bec="0" bev="0" fileid="1" />
                <SequencePoint vc="0" uspid="92" ordinal="1" offset="1" sl="162" sc="13" el="162" ec="33" bec="0" bev="0" fileid="1" />
                <SequencePoint vc="0" uspid="93" ordinal="2" offset="7" sl="163" sc="13" el="163" ec="25" bec="0" bev="0" fileid="1" />
                <SequencePoint vc="0" uspid="94" ordinal="3" offset="15" sl="164" sc="13" el="164" ec="25" bec="0" bev="0" fileid="1" />
                <SequencePoint vc="0" uspid="95" ordinal="4" offset="23" sl="165" sc="13" el="165" ec="26" bec="0" bev="0" fileid="1" />
                <SequencePoint vc="0" uspid="96" ordinal="5" offset="32" sl="166" sc="13" el="166" ec="25" bec="0" bev="0" fileid="1" />
                <SequencePoint vc="0" uspid="97" ordinal="6" offset="40" sl="167" sc="13" el="167" ec="25" bec="0" bev="0" fileid="1" />
                <SequencePoint vc="0" uspid="98" ordinal="7" offset="48" sl="169" sc="13" el="169" ec="52" bec="0" bev="0" fileid="1" />
                <SequencePoint vc="0" uspid="99" ordinal="8" offset="62" sl="170" sc="9" el="170" ec="10" bec="0" bev="0" fileid="1" />
              </SequencePoints>
              <BranchPoints />
              <MethodPoint xsi:type="SequencePoint" vc="0" uspid="91" ordinal="0" offset="0" sl="161" sc="9" el="161" ec="10" bec="0" bev="0" fileid="1" />
            </Method>
            <Method visited="false" cyclomaticComplexity="1" nPathComplexity="0" sequenceCoverage="0" branchCoverage="0" crapScore="2" isConstructor="false" isStatic="false" isGetter="false" isSetter="false">
              <Summary numSequencePoints="10" visitedSequencePoints="0" numBranchPoints="1" visitedBranchPoints="0" sequenceCoverage="0" branchCoverage="0" maxCyclomaticComplexity="1" minCyclomaticComplexity="1" maxCrapScore="2" minCrapScore="2" visitedClasses="0" numClasses="0" visitedMethods="0" numMethods="1" />
              <MetadataToken>100663311</MetadataToken>
              <Name>System.Void UnitTestProject1.UnitTest1::DeletingElem_FullArray_Test(System.Int32)</Name>
              <FileRef uid="1" />
              <SequencePoints>
                <SequencePoint vc="0" uspid="100" ordinal="0" offset="0" sl="177" sc="9" el="177" ec="10" bec="0" bev="0" fileid="1" />
                <SequencePoint vc="0" uspid="101" ordinal="1" offset="1" sl="178" sc="13" el="178" ec="33" bec="0" bev="0" fileid="1" />
                <SequencePoint vc="0" uspid="102" ordinal="2" offset="7" sl="179" sc="13" el="179" ec="25" bec="0" bev="0" fileid="1" />
                <SequencePoint vc="0" uspid="103" ordinal="3" offset="15" sl="180" sc="13" el="180" ec="25" bec="0" bev="0" fileid="1" />
                <SequencePoint vc="0" uspid="104" ordinal="4" offset="23" sl="181" sc="13" el="181" ec="26" bec="0" bev="0" fileid="1" />
                <SequencePoint vc="0" uspid="105" ordinal="5" offset="32" sl="182" sc="13" el="182" ec="25" bec="0" bev="0" fileid="1" />
                <SequencePoint vc="0" uspid="106" ordinal="6" offset="40" sl="183" sc="13" el="183" ec="25" bec="0" bev="0" fileid="1" />
                <SequencePoint vc="0" uspid="107" ordinal="7" offset="48" sl="186" sc="13" el="186" ec="32" bec="0" bev="0" fileid="1" />
                <SequencePoint vc="0" uspid="108" ordinal="8" offset="56" sl="188" sc="13" el="188" ec="44" bec="0" bev="0" fileid="1" />
                <SequencePoint vc="0" uspid="109" ordinal="9" offset="69" sl="189" sc="9" el="189" ec="10" bec="0" bev="0" fileid="1" />
              </SequencePoints>
              <BranchPoints />
              <MethodPoint xsi:type="SequencePoint" vc="0" uspid="100" ordinal="0" offset="0" sl="177" sc="9" el="177" ec="10" bec="0" bev="0" fileid="1" />
            </Method>
            <Method visited="false" cyclomaticComplexity="1" nPathComplexity="0" sequenceCoverage="0" branchCoverage="0" crapScore="2" isConstructor="false" isStatic="false" isGetter="false" isSetter="false">
              <Summary numSequencePoints="6" visitedSequencePoints="0" numBranchPoints="1" visitedBranchPoints="0" sequenceCoverage="0" branchCoverage="0" maxCyclomaticComplexity="1" minCyclomaticComplexity="1" maxCrapScore="2" minCrapScore="2" visitedClasses="0" numClasses="0" visitedMethods="0" numMethods="1" />
              <MetadataToken>100663312</MetadataToken>
              <Name>System.Void UnitTestProject1.UnitTest1::DeletingElem_OneElemArray_Test()</Name>
              <FileRef uid="1" />
              <SequencePoints>
                <SequencePoint vc="0" uspid="110" ordinal="0" offset="0" sl="194" sc="9" el="194" ec="10" bec="0" bev="0" fileid="1" />
                <SequencePoint vc="0" uspid="111" ordinal="1" offset="1" sl="195" sc="13" el="195" ec="33" bec="0" bev="0" fileid="1" />
                <SequencePoint vc="0" uspid="112" ordinal="2" offset="7" sl="196" sc="13" el="196" ec="25" bec="0" bev="0" fileid="1" />
                <SequencePoint vc="0" uspid="113" ordinal="3" offset="15" sl="198" sc="13" el="198" ec="25" bec="0" bev="0" fileid="1" />
                <SequencePoint vc="0" uspid="114" ordinal="4" offset="23" sl="200" sc="13" el="200" ec="44" bec="0" bev="0" fileid="1" />
                <SequencePoint vc="0" uspid="115" ordinal="5" offset="36" sl="201" sc="9" el="201" ec="10" bec="0" bev="0" fileid="1" />
              </SequencePoints>
              <BranchPoints />
              <MethodPoint xsi:type="SequencePoint" vc="0" uspid="110" ordinal="0" offset="0" sl="194" sc="9" el="194" ec="10" bec="0" bev="0" fileid="1" />
            </Method>
            <Method visited="false" cyclomaticComplexity="1" nPathComplexity="0" sequenceCoverage="0" branchCoverage="0" crapScore="2" isConstructor="false" isStatic="false" isGetter="false" isSetter="false">
              <Summary numSequencePoints="5" visitedSequencePoints="0" numBranchPoints="1" visitedBranchPoints="0" sequenceCoverage="0" branchCoverage="0" maxCyclomaticComplexity="1" minCyclomaticComplexity="1" maxCrapScore="2" minCrapScore="2" visitedClasses="0" numClasses="0" visitedMethods="0" numMethods="1" />
              <MetadataToken>100663313</MetadataToken>
              <Name>System.Void UnitTestProject1.UnitTest1::DeletingElem_EmptyArray_Test()</Name>
              <FileRef uid="1" />
              <SequencePoints>
                <SequencePoint vc="0" uspid="116" ordinal="0" offset="0" sl="205" sc="9" el="205" ec="10" bec="0" bev="0" fileid="1" />
                <SequencePoint vc="0" uspid="117" ordinal="1" offset="1" sl="206" sc="13" el="206" ec="33" bec="0" bev="0" fileid="1" />
                <SequencePoint vc="0" uspid="118" ordinal="2" offset="7" sl="208" sc="13" el="208" ec="25" bec="0" bev="0" fileid="1" />
                <SequencePoint vc="0" uspid="119" ordinal="3" offset="15" sl="210" sc="13" el="210" ec="44" bec="0" bev="0" fileid="1" />
                <SequencePoint vc="0" uspid="120" ordinal="4" offset="28" sl="211" sc="9" el="211" ec="10" bec="0" bev="0" fileid="1" />
              </SequencePoints>
              <BranchPoints />
              <MethodPoint xsi:type="SequencePoint" vc="0" uspid="116" ordinal="0" offset="0" sl="205" sc="9" el="205" ec="10" bec="0" bev="0" fileid="1" />
            </Method>
            <Method visited="false" cyclomaticComplexity="1" nPathComplexity="0" sequenceCoverage="0" branchCoverage="0" crapScore="2" isConstructor="false" isStatic="false" isGetter="false" isSetter="false">
              <Summary numSequencePoints="17" visitedSequencePoints="0" numBranchPoints="1" visitedBranchPoints="0" sequenceCoverage="0" branchCoverage="0" maxCyclomaticComplexity="1" minCyclomaticComplexity="1" maxCrapScore="2" minCrapScore="2" visitedClasses="0" numClasses="0" visitedMethods="0" numMethods="1" />
              <MetadataToken>100663314</MetadataToken>
              <Name>System.Void UnitTestProject1.UnitTest1::DeletingElem_HeightDecrease_Test(System.Int32,System.Int32,System.Int32,System.Int32)</Name>
              <FileRef uid="1" />
              <SequencePoints>
                <SequencePoint vc="0" uspid="121" ordinal="0" offset="0" sl="217" sc="9" el="217" ec="10" bec="0" bev="0" fileid="1" />
                <SequencePoint vc="0" uspid="122" ordinal="1" offset="1" sl="218" sc="13" el="218" ec="33" bec="0" bev="0" fileid="1" />
                <SequencePoint vc="0" uspid="123" ordinal="2" offset="7" sl="219" sc="13" el="219" ec="26" bec="0" bev="0" fileid="1" />
                <SequencePoint vc="0" uspid="124" ordinal="3" offset="16" sl="220" sc="13" el="220" ec="26" bec="0" bev="0" fileid="1" />
                <SequencePoint vc="0" uspid="125" ordinal="4" offset="25" sl="221" sc="13" el="221" ec="26" bec="0" bev="0" fileid="1" />
                <SequencePoint vc="0" uspid="126" ordinal="5" offset="34" sl="222" sc="13" el="222" ec="26" bec="0" bev="0" fileid="1" />
                <SequencePoint vc="0" uspid="127" ordinal="6" offset="43" sl="223" sc="13" el="223" ec="26" bec="0" bev="0" fileid="1" />
                <SequencePoint vc="0" uspid="128" ordinal="7" offset="52" sl="224" sc="13" el="224" ec="26" bec="0" bev="0" fileid="1" />
                <SequencePoint vc="0" uspid="129" ordinal="8" offset="61" sl="225" sc="13" el="225" ec="26" bec="0" bev="0" fileid="1" />
                <SequencePoint vc="0" uspid="130" ordinal="9" offset="70" sl="226" sc="13" el="226" ec="26" bec="0" bev="0" fileid="1" />
                <SequencePoint vc="0" uspid="131" ordinal="10" offset="79" sl="227" sc="13" el="227" ec="26" bec="0" bev="0" fileid="1" />
                <SequencePoint vc="0" uspid="132" ordinal="11" offset="88" sl="229" sc="13" el="229" ec="25" bec="0" bev="0" fileid="1" />
                <SequencePoint vc="0" uspid="133" ordinal="12" offset="96" sl="230" sc="13" el="230" ec="25" bec="0" bev="0" fileid="1" />
                <SequencePoint vc="0" uspid="134" ordinal="13" offset="104" sl="231" sc="13" el="231" ec="25" bec="0" bev="0" fileid="1" />
                <SequencePoint vc="0" uspid="135" ordinal="14" offset="112" sl="232" sc="13" el="232" ec="25" bec="0" bev="0" fileid="1" />
                <SequencePoint vc="0" uspid="136" ordinal="15" offset="121" sl="235" sc="13" el="235" ec="44" bec="0" bev="0" fileid="1" />
                <SequencePoint vc="0" uspid="137" ordinal="16" offset="134" sl="236" sc="9" el="236" ec="10" bec="0" bev="0" fileid="1" />
              </SequencePoints>
              <BranchPoints />
              <MethodPoint xsi:type="SequencePoint" vc="0" uspid="121" ordinal="0" offset="0" sl="217" sc="9" el="217" ec="10" bec="0" bev="0" fileid="1" />
            </Method>
            <Method visited="false" cyclomaticComplexity="1" nPathComplexity="0" sequenceCoverage="0" branchCoverage="0" crapScore="2" isConstructor="true" isStatic="false" isGetter="false" isSetter="false">
              <Summary numSequencePoints="0" visitedSequencePoints="0" numBranchPoints="0" visitedBranchPoints="0" sequenceCoverage="0" branchCoverage="0" maxCyclomaticComplexity="1" minCyclomaticComplexity="1" maxCrapScore="2" minCrapScore="2" visitedClasses="0" numClasses="0" visitedMethods="0" numMethods="0" />
              <MetadataToken>100663315</MetadataToken>
              <Name>System.Void UnitTestProject1.UnitTest1::.ctor()</Name>
              <SequencePoints />
              <BranchPoints />
              <MethodPoint vc="0" uspid="138" ordinal="0" offset="0" />
            </Method>
          </Methods>
        </Class>
      </Classes>
      <TrackedMethods>
        <TrackedMethod uid="1" token="100663297" name="System.Void UnitTestProject1.UnitTest1::HeapSize_Big_Insert_Test()" strategy="MSTestTest" />
        <TrackedMethod uid="2" token="100663298" name="System.Void UnitTestProject1.UnitTest1::HeapSize_OneElem_Test()" strategy="MSTestTest" />
        <TrackedMethod uid="3" token="100663299" name="System.Void UnitTestProject1.UnitTest1::HeapSize_AfterClear_Test()" strategy="MSTestTest" />
        <TrackedMethod uid="4" token="100663300" name="System.Void UnitTestProject1.UnitTest1::HeapHeight_FullArray_Test()" strategy="MSTestTest" />
        <TrackedMethod uid="5" token="100663301" name="System.Void UnitTestProject1.UnitTest1::HeapHeight_OneElemArray_Test()" strategy="MSTestTest" />
        <TrackedMethod uid="6" token="100663302" name="System.Void UnitTestProject1.UnitTest1::MinElem_FullArray_Test()" strategy="MSTestTest" />
        <TrackedMethod uid="7" token="100663303" name="System.Void UnitTestProject1.UnitTest1::MinElem_OneElemArray_Test()" strategy="MSTestTest" />
        <TrackedMethod uid="8" token="100663304" name="System.Void UnitTestProject1.UnitTest1::MinElem_EmptyArray_Test()" strategy="MSTestTest" />
        <TrackedMethod uid="9" token="100663305" name="System.Void UnitTestProject1.UnitTest1::MaxElem_FullArray_Test()" strategy="MSTestTest" />
        <TrackedMethod uid="10" token="100663306" name="System.Void UnitTestProject1.UnitTest1::MaxElem_OneElemArray_Test()" strategy="MSTestTest" />
        <TrackedMethod uid="11" token="100663307" name="System.Void UnitTestProject1.UnitTest1::MaxElem_EmptyArray_Test()" strategy="MSTestTest" />
        <TrackedMethod uid="12" token="100663308" name="System.Void UnitTestProject1.UnitTest1::FindExistingElem_FullArray_Test(System.Int32)" strategy="MSTestTest" />
        <TrackedMethod uid="13" token="100663309" name="System.Void UnitTestProject1.UnitTest1::FindExistingElem_OneElemArray_Test()" strategy="MSTestTest" />
        <TrackedMethod uid="14" token="100663310" name="System.Void UnitTestProject1.UnitTest1::FindAbsentElem_FullArray_Test(System.Int32)" strategy="MSTestTest" />
        <TrackedMethod uid="15" token="100663311" name="System.Void UnitTestProject1.UnitTest1::DeletingElem_FullArray_Test(System.Int32)" strategy="MSTestTest" />
        <TrackedMethod uid="16" token="100663312" name="System.Void UnitTestProject1.UnitTest1::DeletingElem_OneElemArray_Test()" strategy="MSTestTest" />
        <TrackedMethod uid="17" token="100663313" name="System.Void UnitTestProject1.UnitTest1::DeletingElem_EmptyArray_Test()" strategy="MSTestTest" />
        <TrackedMethod uid="18" token="100663314" name="System.Void UnitTestProject1.UnitTest1::DeletingElem_HeightDecrease_Test(System.Int32,System.Int32,System.Int32,System.Int32)" strategy="MSTestTest" />
      </TrackedMethods>
    </Module>
    <Module hash="D7-FD-45-F7-6A-D9-A6-E5-B3-4C-71-1C-35-B3-B5-A1-BA-F6-84-06">
      <Summary numSequencePoints="867" visitedSequencePoints="163" numBranchPoints="246" visitedBranchPoints="56" sequenceCoverage="18.80" branchCoverage="22.76" maxCyclomaticComplexity="17" minCyclomaticComplexity="1" maxCrapScore="306" minCrapScore="1" visitedClasses="1" numClasses="7" visitedMethods="11" numMethods="54" />
      <ModulePath>C:\Univ\IPZ\Refactor\Before\UnitTestProject1\bin\Debug\Kursach.exe</ModulePath>
      <ModuleTime>2018-11-19T20:42:58.0014449Z</ModuleTime>
      <ModuleName>Kursach</ModuleName>
      <Files>
        <File uid="3" fullPath="C:\Univ\IPZ\Refactor\Kravchenko\Kursach1\Kursach\About.Designer.cs" />
        <File uid="4" fullPath="C:\Univ\IPZ\Refactor\Kravchenko\Kursach1\Kursach\About.cs" />
        <File uid="5" fullPath="C:\Univ\IPZ\Refactor\Kravchenko\Kursach1\Kursach\Beap.cs" />
        <File uid="6" fullPath="C:\Univ\IPZ\Refactor\Kravchenko\Kursach1\Kursach\Form1.cs" />
        <File uid="7" fullPath="C:\Univ\IPZ\Refactor\Kravchenko\Kursach1\Kursach\Form1.Designer.cs" />
        <File uid="8" fullPath="C:\Univ\IPZ\Refactor\Kravchenko\Kursach1\Kursach\Help.Designer.cs" />
        <File uid="10" fullPath="C:\Univ\IPZ\Refactor\Kravchenko\Kursach1\Kursach\Program.cs" />
        <File uid="11" fullPath="C:\Univ\IPZ\Refactor\Kravchenko\Kursach1\Kursach\Properties\Resources.Designer.cs" />
        <File uid="12" fullPath="C:\Univ\IPZ\Refactor\Kravchenko\Kursach1\Kursach\Properties\Settings.Designer.cs" />
      </Files>
      <Classes>
        <Class>
          <Summary numSequencePoints="38" visitedSequencePoints="0" numBranchPoints="6" visitedBranchPoints="0" sequenceCoverage="0" branchCoverage="0" maxCyclomaticComplexity="3" minCyclomaticComplexity="1" maxCrapScore="12" minCrapScore="2" visitedClasses="0" numClasses="1" visitedMethods="0" numMethods="4" />
          <FullName>Kursach.About</FullName>
          <Methods>
            <Method visited="false" cyclomaticComplexity="1" nPathComplexity="0" sequenceCoverage="0" branchCoverage="0" crapScore="2" isConstructor="true" isStatic="false" isGetter="false" isSetter="false">
              <Summary numSequencePoints="5" visitedSequencePoints="0" numBranchPoints="1" visitedBranchPoints="0" sequenceCoverage="0" branchCoverage="0" maxCyclomaticComplexity="1" minCyclomaticComplexity="1" maxCrapScore="2" minCrapScore="2" visitedClasses="0" numClasses="0" visitedMethods="0" numMethods="1" />
              <MetadataToken>100663297</MetadataToken>
              <Name>System.Void Kursach.About::.ctor()</Name>
              <FileRef uid="3" />
              <SequencePoints>
                <SequencePoint vc="0" uspid="139" ordinal="0" offset="0" sl="8" sc="9" el="8" ec="68" bec="0" bev="0" fileid="3" />
                <SequencePoint vc="0" uspid="140" ordinal="1" offset="7" sl="15" sc="9" el="15" ec="23" bec="0" bev="0" fileid="4" />
                <SequencePoint vc="0" uspid="141" ordinal="2" offset="14" sl="16" sc="9" el="16" ec="10" bec="0" bev="0" fileid="4" />
                <SequencePoint vc="0" uspid="142" ordinal="3" offset="15" sl="17" sc="13" el="17" ec="35" bec="0" bev="0" fileid="4" />
                <SequencePoint vc="0" uspid="143" ordinal="4" offset="22" sl="18" sc="9" el="18" ec="10" bec="0" bev="0" fileid="4" />
              </SequencePoints>
              <BranchPoints />
              <MethodPoint xsi:type="SequencePoint" vc="0" uspid="139" ordinal="0" offset="0" sl="8" sc="9" el="8" ec="68" bec="0" bev="0" fileid="3" />
            </Method>
            <Method visited="false" cyclomaticComplexity="1" nPathComplexity="0" sequenceCoverage="0" branchCoverage="0" crapScore="2" isConstructor="false" isStatic="false" isGetter="false" isSetter="false">
              <Summary numSequencePoints="2" visitedSequencePoints="0" numBranchPoints="1" visitedBranchPoints="0" sequenceCoverage="0" branchCoverage="0" maxCyclomaticComplexity="1" minCyclomaticComplexity="1" maxCrapScore="2" minCrapScore="2" visitedClasses="0" numClasses="0" visitedMethods="0" numMethods="1" />
              <MetadataToken>100663298</MetadataToken>
              <Name>System.Void Kursach.About::textBox1_TextChanged(System.Object,System.EventArgs)</Name>
              <FileRef uid="4" />
              <SequencePoints>
                <SequencePoint vc="0" uspid="144" ordinal="0" offset="0" sl="21" sc="9" el="21" ec="10" bec="0" bev="0" fileid="4" />
                <SequencePoint vc="0" uspid="145" ordinal="1" offset="1" sl="23" sc="9" el="23" ec="10" bec="0" bev="0" fileid="4" />
              </SequencePoints>
              <BranchPoints />
              <MethodPoint xsi:type="SequencePoint" vc="0" uspid="144" ordinal="0" offset="0" sl="21" sc="9" el="21" ec="10" bec="0" bev="0" fileid="4" />
            </Method>
            <Method visited="false" cyclomaticComplexity="3" nPathComplexity="2" sequenceCoverage="0" branchCoverage="0" crapScore="12" isConstructor="false" isStatic="false" isGetter="false" isSetter="false">
              <Summary numSequencePoints="7" visitedSequencePoints="0" numBranchPoints="3" visitedBranchPoints="0" sequenceCoverage="0" branchCoverage="0" maxCyclomaticComplexity="3" minCyclomaticComplexity="3" maxCrapScore="12" minCrapScore="12" visitedClasses="0" numClasses="0" visitedMethods="0" numMethods="1" />
              <MetadataToken>100663299</MetadataToken>
              <Name>System.Void Kursach.About::Dispose(System.Boolean)</Name>
              <FileRef uid="3" />
              <SequencePoints>
                <SequencePoint vc="0" uspid="146" ordinal="0" offset="0" sl="15" sc="9" el="15" ec="10" bec="0" bev="0" fileid="3" />
                <SequencePoint vc="0" uspid="147" ordinal="1" offset="1" sl="16" sc="13" el="16" ec="51" bec="2" bev="0" fileid="3" />
                <SequencePoint vc="0" uspid="148" ordinal="2" offset="20" sl="17" sc="13" el="17" ec="14" bec="0" bev="0" fileid="3" />
                <SequencePoint vc="0" uspid="149" ordinal="3" offset="21" sl="18" sc="17" el="18" ec="38" bec="0" bev="0" fileid="3" />
                <SequencePoint vc="0" uspid="150" ordinal="4" offset="33" sl="19" sc="13" el="19" ec="14" bec="0" bev="0" fileid="3" />
                <SequencePoint vc="0" uspid="151" ordinal="5" offset="34" sl="20" sc="13" el="20" ec="37" bec="0" bev="0" fileid="3" />
                <SequencePoint vc="0" uspid="152" ordinal="6" offset="42" sl="21" sc="9" el="21" ec="10" bec="0" bev="0" fileid="3" />
              </SequencePoints>
              <BranchPoints>
                <BranchPoint vc="0" uspid="155" ordinal="2" offset="18" sl="16" path="0" offsetend="20" fileid="3" />
                <BranchPoint vc="0" uspid="156" ordinal="3" offset="18" sl="16" path="1" offsetend="34" fileid="3" />
              </BranchPoints>
              <MethodPoint xsi:type="SequencePoint" vc="0" uspid="146" ordinal="0" offset="0" sl="15" sc="9" el="15" ec="10" bec="0" bev="0" fileid="3" />
            </Method>
            <Method visited="false" cyclomaticComplexity="1" nPathComplexity="0" sequenceCoverage="0" branchCoverage="0" crapScore="2" isConstructor="false" isStatic="false" isGetter="false" isSetter="false">
              <Summary numSequencePoints="24" visitedSequencePoints="0" numBranchPoints="1" visitedBranchPoints="0" sequenceCoverage="0" branchCoverage="0" maxCyclomaticComplexity="1" minCyclomaticComplexity="1" maxCrapScore="2" minCrapScore="2" visitedClasses="0" numClasses="0" visitedMethods="0" numMethods="1" />
              <MetadataToken>100663300</MetadataToken>
              <Name>System.Void Kursach.About::InitializeComponent()</Name>
              <FileRef uid="3" />
              <SequencePoints>
                <SequencePoint vc="0" uspid="157" ordinal="0" offset="0" sl="30" sc="9" el="30" ec="10" bec="0" bev="0" fileid="3" />
                <SequencePoint vc="0" uspid="158" ordinal="1" offset="1" sl="31" sc="13" el="31" ec="64" bec="0" bev="0" fileid="3" />
                <SequencePoint vc="0" uspid="159" ordinal="2" offset="12" sl="32" sc="13" el="32" ec="34" bec="0" bev="0" fileid="3" />
                <SequencePoint vc="0" uspid="160" ordinal="3" offset="19" sl="36" sc="13" el="36" ec="43" bec="0" bev="0" fileid="3" />
                <SequencePoint vc="0" uspid="161" ordinal="4" offset="32" sl="37" sc="13" el="37" ec="171" bec="0" bev="0" fileid="3" />
                <SequencePoint vc="0" uspid="162" ordinal="5" offset="66" sl="38" sc="13" el="38" ec="71" bec="0" bev="0" fileid="3" />
                <SequencePoint vc="0" uspid="163" ordinal="6" offset="87" sl="39" sc="13" el="39" ec="44" bec="0" bev="0" fileid="3" />
                <SequencePoint vc="0" uspid="164" ordinal="7" offset="100" sl="40" sc="13" el="40" ec="45" bec="0" bev="0" fileid="3" />
                <SequencePoint vc="0" uspid="165" ordinal="8" offset="117" sl="41" sc="13" el="41" ec="68" bec="0" bev="0" fileid="3" />
                <SequencePoint vc="0" uspid="166" ordinal="9" offset="144" sl="42" sc="13" el="42" ec="40" bec="0" bev="0" fileid="3" />
                <SequencePoint vc="0" uspid="167" ordinal="10" offset="157" sl="43" sc="13" el="45" ec="35" bec="0" bev="0" fileid="3" />
                <SequencePoint vc="0" uspid="168" ordinal="11" offset="174" sl="46" sc="13" el="46" ec="93" bec="0" bev="0" fileid="3" />
                <SequencePoint vc="0" uspid="169" ordinal="12" offset="198" sl="50" sc="13" el="50" ec="74" bec="0" bev="0" fileid="3" />
                <SequencePoint vc="0" uspid="170" ordinal="13" offset="220" sl="51" sc="13" el="51" ec="74" bec="0" bev="0" fileid="3" />
                <SequencePoint vc="0" uspid="171" ordinal="14" offset="228" sl="52" sc="13" el="52" ec="65" bec="0" bev="0" fileid="3" />
                <SequencePoint vc="0" uspid="172" ordinal="15" offset="250" sl="53" sc="13" el="53" ec="46" bec="0" bev="0" fileid="3" />
                <SequencePoint vc="0" uspid="173" ordinal="16" offset="268" sl="54" sc="13" el="54" ec="85" bec="0" bev="0" fileid="3" />
                <SequencePoint vc="0" uspid="174" ordinal="17" offset="276" sl="55" sc="13" el="55" ec="38" bec="0" bev="0" fileid="3" />
                <SequencePoint vc="0" uspid="175" ordinal="18" offset="284" sl="56" sc="13" el="56" ec="38" bec="0" bev="0" fileid="3" />
                <SequencePoint vc="0" uspid="176" ordinal="19" offset="292" sl="57" sc="13" el="57" ec="33" bec="0" bev="0" fileid="3" />
                <SequencePoint vc="0" uspid="177" ordinal="20" offset="304" sl="58" sc="13" el="58" ec="33" bec="0" bev="0" fileid="3" />
                <SequencePoint vc="0" uspid="178" ordinal="21" offset="316" sl="59" sc="13" el="59" ec="38" bec="0" bev="0" fileid="3" />
                <SequencePoint vc="0" uspid="179" ordinal="22" offset="324" sl="60" sc="13" el="60" ec="34" bec="0" bev="0" fileid="3" />
                <SequencePoint vc="0" uspid="180" ordinal="23" offset="331" sl="62" sc="9" el="62" ec="10" bec="0" bev="0" fileid="3" />
              </SequencePoints>
              <BranchPoints />
              <MethodPoint xsi:type="SequencePoint" vc="0" uspid="157" ordinal="0" offset="0" sl="30" sc="9" el="30" ec="10" bec="0" bev="0" fileid="3" />
            </Method>
          </Methods>
        </Class>
        <Class>
          <Summary numSequencePoints="339" visitedSequencePoints="163" numBranchPoints="130" visitedBranchPoints="56" sequenceCoverage="48.08" branchCoverage="43.08" maxCyclomaticComplexity="17" minCyclomaticComplexity="1" maxCrapScore="306" minCrapScore="1" visitedClasses="1" numClasses="1" visitedMethods="11" numMethods="18" />
          <FullName>Kursach.Beap</FullName>
          <Methods>
            <Method skippedDueTo="AutoImplementedProperty" visited="false" cyclomaticComplexity="1" nPathComplexity="0" sequenceCoverage="0" branchCoverage="0" crapScore="0" isConstructor="false" isStatic="false" isGetter="true" isSetter="false">
              <MetadataToken>100663301</MetadataToken>
              <Name>System.Nullable`1&lt;System.Int32&gt;[] Kursach.Beap::get_Array()</Name>
              <FileRef uid="5" />
              <SequencePoints />
              <BranchPoints />
            </Method>
            <Method skippedDueTo="AutoImplementedProperty" visited="false" cyclomaticComplexity="1" nPathComplexity="0" sequenceCoverage="0" branchCoverage="0" crapScore="0" isConstructor="false" isStatic="false" isGetter="false" isSetter="true">
              <MetadataToken>100663302</MetadataToken>
              <Name>System.Void Kursach.Beap::set_Array(System.Nullable`1&lt;System.Int32&gt;[])</Name>
              <FileRef uid="5" />
              <SequencePoints />
              <BranchPoints />
            </Method>
            <Method visited="true" cyclomaticComplexity="1" nPathComplexity="0" sequenceCoverage="100" branchCoverage="100" crapScore="1" isConstructor="false" isStatic="false" isGetter="true" isSetter="false">
              <Summary numSequencePoints="3" visitedSequencePoints="3" numBranchPoints="1" visitedBranchPoints="1" sequenceCoverage="100" branchCoverage="100" maxCyclomaticComplexity="1" minCyclomaticComplexity="1" maxCrapScore="1" minCrapScore="1" visitedClasses="0" numClasses="0" visitedMethods="1" numMethods="1" />
              <MetadataToken>100663304</MetadataToken>
              <Name>System.Int32 Kursach.Beap::get_HeapSize()</Name>
              <FileRef uid="5" />
              <SequencePoints>
                <SequencePoint vc="1" uspid="181" ordinal="0" offset="0" sl="22" sc="17" el="22" ec="18" bec="0" bev="0" fileid="5">
                  <TrackedMethodRefs>
                    <TrackedMethodRef uid="1" vc="1" />
                  </TrackedMethodRefs>
                </SequencePoint>
                <SequencePoint vc="1" uspid="182" ordinal="1" offset="1" sl="22" sc="19" el="22" ec="36" bec="0" bev="0" fileid="5">
                  <TrackedMethodRefs>
                    <TrackedMethodRef uid="1" vc="1" />
                  </TrackedMethodRefs>
                </SequencePoint>
                <SequencePoint vc="1" uspid="183" ordinal="2" offset="10" sl="22" sc="37" el="22" ec="38" bec="0" bev="0" fileid="5">
                  <TrackedMethodRefs>
                    <TrackedMethodRef uid="1" vc="1" />
                  </TrackedMethodRefs>
                </SequencePoint>
              </SequencePoints>
              <BranchPoints />
              <MethodPoint xsi:type="SequencePoint" vc="1" uspid="181" ordinal="0" offset="0" sl="22" sc="17" el="22" ec="18" bec="0" bev="0" fileid="5">
                <TrackedMethodRefs>
                  <TrackedMethodRef uid="1" vc="1" />
                </TrackedMethodRefs>
              </MethodPoint>
            </Method>
            <Method visited="true" cyclomaticComplexity="3" nPathComplexity="4" sequenceCoverage="85.71" branchCoverage="60" crapScore="3.03" isConstructor="false" isStatic="false" isGetter="false" isSetter="true">
              <Summary numSequencePoints="7" visitedSequencePoints="6" numBranchPoints="5" visitedBranchPoints="3" sequenceCoverage="85.71" branchCoverage="60" maxCyclomaticComplexity="3" minCyclomaticComplexity="3" maxCrapScore="3.03" minCrapScore="3.03" visitedClasses="0" numClasses="0" visitedMethods="1" numMethods="1" />
              <MetadataToken>100663305</MetadataToken>
              <Name>System.Void Kursach.Beap::set_HeapSize(System.Int32)</Name>
              <FileRef uid="5" />
              <SequencePoints>
                <SequencePoint vc="1" uspid="184" ordinal="0" offset="0" sl="24" sc="13" el="24" ec="14" bec="0" bev="0" fileid="5">
                  <TrackedMethodRefs>
                    <TrackedMethodRef uid="1" vc="1" />
                  </TrackedMethodRefs>
                </SequencePoint>
                <SequencePoint vc="1" uspid="185" ordinal="1" offset="1" sl="25" sc="17" el="25" ec="43" bec="2" bev="1" fileid="5">
                  <TrackedMethodRefs>
                    <TrackedMethodRef uid="1" vc="1" />
                  </TrackedMethodRefs>
                </SequencePoint>
                <SequencePoint vc="0" uspid="186" ordinal="2" offset="14" sl="25" sc="44" el="25" ec="74" bec="0" bev="0" fileid="5" />
                <SequencePoint vc="1" uspid="187" ordinal="3" offset="20" sl="26" sc="17" el="26" ec="44" bec="2" bev="1" fileid="5">
                  <TrackedMethodRefs>
                    <TrackedMethodRef uid="1" vc="1" />
                  </TrackedMethodRefs>
                </SequencePoint>
                <SequencePoint vc="1" uspid="188" ordinal="4" offset="33" sl="26" sc="45" el="26" ec="61" bec="0" bev="0" fileid="5">
                  <TrackedMethodRefs>
                    <TrackedMethodRef uid="1" vc="1" />
                  </TrackedMethodRefs>
                </SequencePoint>
                <SequencePoint vc="1" uspid="189" ordinal="5" offset="47" sl="27" sc="17" el="27" ec="35" bec="0" bev="0" fileid="5">
                  <TrackedMethodRefs>
                    <TrackedMethodRef uid="1" vc="1" />
                  </TrackedMethodRefs>
                </SequencePoint>
                <SequencePoint vc="1" uspid="190" ordinal="6" offset="54" sl="28" sc="13" el="28" ec="14" bec="0" bev="0" fileid="5">
                  <TrackedMethodRefs>
                    <TrackedMethodRef uid="1" vc="1" />
                  </TrackedMethodRefs>
                </SequencePoint>
              </SequencePoints>
              <BranchPoints>
                <BranchPoint vc="0" uspid="191" ordinal="0" offset="12" sl="25" path="0" offsetend="14" fileid="5" />
                <BranchPoint vc="1" uspid="192" ordinal="1" offset="12" sl="25" path="1" offsetend="20" fileid="5">
                  <TrackedMethodRefs>
                    <TrackedMethodRef uid="1" vc="1" />
                  </TrackedMethodRefs>
                </BranchPoint>
                <BranchPoint vc="1" uspid="193" ordinal="2" offset="31" sl="26" path="0" offsetend="33" fileid="5">
                  <TrackedMethodRefs>
                    <TrackedMethodRef uid="1" vc="1" />
                  </TrackedMethodRefs>
                </BranchPoint>
                <BranchPoint vc="0" uspid="194" ordinal="3" offset="31" sl="26" path="1" offsetend="47" fileid="5" />
              </BranchPoints>
              <MethodPoint xsi:type="SequencePoint" vc="1" uspid="184" ordinal="0" offset="0" sl="24" sc="13" el="24" ec="14" bec="0" bev="0" fileid="5">
                <TrackedMethodRefs>
                  <TrackedMethodRef uid="1" vc="1" />
                </TrackedMethodRefs>
              </MethodPoint>
            </Method>
            <Method visited="false" cyclomaticComplexity="1" nPathComplexity="0" sequenceCoverage="0" branchCoverage="0" crapScore="2" isConstructor="false" isStatic="false" isGetter="true" isSetter="false">
              <Summary numSequencePoints="3" visitedSequencePoints="0" numBranchPoints="1" visitedBranchPoints="0" sequenceCoverage="0" branchCoverage="0" maxCyclomaticComplexity="1" minCyclomaticComplexity="1" maxCrapScore="2" minCrapScore="2" visitedClasses="0" numClasses="0" visitedMethods="0" numMethods="1" />
              <MetadataToken>100663306</MetadataToken>
              <Name>System.Int32 Kursach.Beap::get_Height()</Name>
              <FileRef uid="5" />
              <SequencePoints>
                <SequencePoint vc="0" uspid="195" ordinal="0" offset="0" sl="30" sc="33" el="30" ec="34" bec="0" bev="0" fileid="5" />
                <SequencePoint vc="0" uspid="196" ordinal="1" offset="1" sl="30" sc="35" el="30" ec="54" bec="0" bev="0" fileid="5" />
                <SequencePoint vc="0" uspid="197" ordinal="2" offset="10" sl="30" sc="55" el="30" ec="56" bec="0" bev="0" fileid="5" />
              </SequencePoints>
              <BranchPoints />
              <MethodPoint xsi:type="SequencePoint" vc="0" uspid="195" ordinal="0" offset="0" sl="30" sc="33" el="30" ec="34" bec="0" bev="0" fileid="5" />
            </Method>
            <Method visited="true" cyclomaticComplexity="1" nPathComplexity="0" sequenceCoverage="100" branchCoverage="100" crapScore="1" isConstructor="false" isStatic="false" isGetter="true" isSetter="false">
              <Summary numSequencePoints="3" visitedSequencePoints="3" numBranchPoints="1" visitedBranchPoints="1" sequenceCoverage="100" branchCoverage="100" maxCyclomaticComplexity="1" minCyclomaticComplexity="1" maxCrapScore="1" minCrapScore="1" visitedClasses="0" numClasses="0" visitedMethods="1" numMethods="1" />
              <MetadataToken>100663307</MetadataToken>
              <Name>System.Boolean Kursach.Beap::get_Empty()</Name>
              <FileRef uid="5" />
              <SequencePoints>
                <SequencePoint vc="18" uspid="198" ordinal="0" offset="0" sl="32" sc="15" el="32" ec="16" bec="0" bev="0" fileid="5">
                  <TrackedMethodRefs>
                    <TrackedMethodRef uid="1" vc="18" />
                  </TrackedMethodRefs>
                </SequencePoint>
                <SequencePoint vc="18" uspid="199" ordinal="1" offset="1" sl="32" sc="17" el="32" ec="39" bec="0" bev="0" fileid="5">
                  <TrackedMethodRefs>
                    <TrackedMethodRef uid="1" vc="18" />
                  </TrackedMethodRefs>
                </SequencePoint>
                <SequencePoint vc="18" uspid="200" ordinal="2" offset="13" sl="32" sc="40" el="32" ec="41" bec="0" bev="0" fileid="5">
                  <TrackedMethodRefs>
                    <TrackedMethodRef uid="1" vc="18" />
                  </TrackedMethodRefs>
                </SequencePoint>
              </SequencePoints>
              <BranchPoints />
              <MethodPoint xsi:type="SequencePoint" vc="18" uspid="198" ordinal="0" offset="0" sl="32" sc="15" el="32" ec="16" bec="0" bev="0" fileid="5">
                <TrackedMethodRefs>
                  <TrackedMethodRef uid="1" vc="18" />
                </TrackedMethodRefs>
              </MethodPoint>
            </Method>
            <Method visited="true" cyclomaticComplexity="1" nPathComplexity="0" sequenceCoverage="100" branchCoverage="100" crapScore="1" isConstructor="true" isStatic="false" isGetter="false" isSetter="false">
              <Summary numSequencePoints="7" visitedSequencePoints="7" numBranchPoints="1" visitedBranchPoints="1" sequenceCoverage="100" branchCoverage="100" maxCyclomaticComplexity="1" minCyclomaticComplexity="1" maxCrapScore="1" minCrapScore="1" visitedClasses="0" numClasses="0" visitedMethods="1" numMethods="1" />
              <MetadataToken>100663303</MetadataToken>
              <Name>System.Void Kursach.Beap::.ctor()</Name>
              <FileRef uid="5" />
              <SequencePoints>
                <SequencePoint vc="1" uspid="201" ordinal="0" offset="0" sl="12" sc="9" el="12" ec="22" bec="0" bev="0" fileid="5">
                  <TrackedMethodRefs>
                    <TrackedMethodRef uid="1" vc="1" />
                  </TrackedMethodRefs>
                </SequencePoint>
                <SequencePoint vc="1" uspid="202" ordinal="1" offset="7" sl="13" sc="9" el="13" ec="10" bec="0" bev="0" fileid="5">
                  <TrackedMethodRefs>
                    <TrackedMethodRef uid="1" vc="1" />
                  </TrackedMethodRefs>
                </SequencePoint>
                <SequencePoint vc="1" uspid="203" ordinal="2" offset="8" sl="14" sc="13" el="14" ec="29" bec="0" bev="0" fileid="5">
                  <TrackedMethodRefs>
                    <TrackedMethodRef uid="1" vc="1" />
                  </TrackedMethodRefs>
                </SequencePoint>
                <SequencePoint vc="1" uspid="204" ordinal="3" offset="15" sl="15" sc="13" el="15" ec="67" bec="0" bev="0" fileid="5">
                  <TrackedMethodRefs>
                    <TrackedMethodRef uid="1" vc="1" />
                  </TrackedMethodRefs>
                </SequencePoint>
                <SequencePoint vc="1" uspid="205" ordinal="4" offset="38" sl="16" sc="13" el="16" ec="26" bec="0" bev="0" fileid="5">
                  <TrackedMethodRefs>
                    <TrackedMethodRef uid="1" vc="1" />
                  </TrackedMethodRefs>
                </SequencePoint>
                <SequencePoint vc="1" uspid="206" ordinal="5" offset="46" sl="17" sc="13" el="17" ec="45" bec="0" bev="0" fileid="5">
                  <TrackedMethodRefs>
                    <TrackedMethodRef uid="1" vc="1" />
                  </TrackedMethodRefs>
                </SequencePoint>
                <SequencePoint vc="1" uspid="207" ordinal="6" offset="64" sl="18" sc="9" el="18" ec="10" bec="0" bev="0" fileid="5">
                  <TrackedMethodRefs>
                    <TrackedMethodRef uid="1" vc="1" />
                  </TrackedMethodRefs>
                </SequencePoint>
              </SequencePoints>
              <BranchPoints />
              <MethodPoint xsi:type="SequencePoint" vc="1" uspid="201" ordinal="0" offset="0" sl="12" sc="9" el="12" ec="22" bec="0" bev="0" fileid="5">
                <TrackedMethodRefs>
                  <TrackedMethodRef uid="1" vc="1" />
                </TrackedMethodRefs>
              </MethodPoint>
            </Method>
            <Method visited="false" cyclomaticComplexity="2" nPathComplexity="2" sequenceCoverage="0" branchCoverage="0" crapScore="6" isConstructor="false" isStatic="false" isGetter="false" isSetter="false">
              <Summary numSequencePoints="3" visitedSequencePoints="0" numBranchPoints="3" visitedBranchPoints="0" sequenceCoverage="0" branchCoverage="0" maxCyclomaticComplexity="2" minCyclomaticComplexity="2" maxCrapScore="6" minCrapScore="6" visitedClasses="0" numClasses="0" visitedMethods="0" numMethods="1" />
              <MetadataToken>100663308</MetadataToken>
              <Name>System.Int32 Kursach.Beap::Min()</Name>
              <FileRef uid="5" />
              <SequencePoints>
                <SequencePoint vc="0" uspid="208" ordinal="0" offset="0" sl="35" sc="9" el="35" ec="10" bec="0" bev="0" fileid="5" />
                <SequencePoint vc="0" uspid="209" ordinal="1" offset="1" sl="36" sc="13" el="36" ec="49" bec="2" bev="0" fileid="5" />
                <SequencePoint vc="0" uspid="210" ordinal="2" offset="40" sl="37" sc="9" el="37" ec="10" bec="0" bev="0" fileid="5" />
              </SequencePoints>
              <BranchPoints>
                <BranchPoint vc="0" uspid="211" ordinal="0" offset="7" sl="36" path="0" offsetend="9" fileid="5" />
                <BranchPoint vc="0" uspid="212" ordinal="1" offset="7" sl="36" path="1" offsetend="17" fileid="5" />
              </BranchPoints>
              <MethodPoint xsi:type="SequencePoint" vc="0" uspid="208" ordinal="0" offset="0" sl="35" sc="9" el="35" ec="10" bec="0" bev="0" fileid="5" />
            </Method>
            <Method visited="false" cyclomaticComplexity="4" nPathComplexity="8" sequenceCoverage="0" branchCoverage="0" crapScore="20" isConstructor="false" isStatic="false" isGetter="false" isSetter="false">
              <Summary numSequencePoints="15" visitedSequencePoints="0" numBranchPoints="7" visitedBranchPoints="0" sequenceCoverage="0" branchCoverage="0" maxCyclomaticComplexity="4" minCyclomaticComplexity="4" maxCrapScore="20" minCrapScore="20" visitedClasses="0" numClasses="0" visitedMethods="0" numMethods="1" />
              <MetadataToken>100663309</MetadataToken>
              <Name>System.Int32 Kursach.Beap::Max()</Name>
              <FileRef uid="5" />
              <SequencePoints>
                <SequencePoint vc="0" uspid="213" ordinal="0" offset="0" sl="40" sc="9" el="40" ec="10" bec="0" bev="0" fileid="5" />
                <SequencePoint vc="0" uspid="214" ordinal="1" offset="1" sl="41" sc="13" el="41" ec="23" bec="2" bev="0" fileid="5" />
                <SequencePoint vc="0" uspid="215" ordinal="2" offset="11" sl="41" sc="24" el="41" ec="33" bec="0" bev="0" fileid="5" />
                <SequencePoint vc="0" uspid="216" ordinal="3" offset="18" sl="42" sc="13" el="42" ec="63" bec="0" bev="0" fileid="5" />
                <SequencePoint vc="0" uspid="217" ordinal="4" offset="50" sl="43" sc="18" el="43" ec="53" bec="0" bev="0" fileid="5" />
                <SequencePoint vc="0" uspid="218" ordinal="5" offset="68" sl="44" sc="13" el="44" ec="14" bec="0" bev="0" fileid="5" />
                <SequencePoint vc="0" uspid="219" ordinal="6" offset="69" sl="45" sc="17" el="45" ec="36" bec="2" bev="0" fileid="5" />
                <SequencePoint vc="0" uspid="220" ordinal="7" offset="111" sl="46" sc="17" el="46" ec="18" bec="0" bev="0" fileid="5" />
                <SequencePoint vc="0" uspid="221" ordinal="8" offset="112" sl="47" sc="21" el="47" ec="41" bec="0" bev="0" fileid="5" />
                <SequencePoint vc="0" uspid="222" ordinal="9" offset="130" sl="48" sc="17" el="48" ec="18" bec="0" bev="0" fileid="5" />
                <SequencePoint vc="0" uspid="223" ordinal="10" offset="131" sl="49" sc="13" el="49" ec="14" bec="0" bev="0" fileid="5" />
                <SequencePoint vc="0" uspid="224" ordinal="11" offset="132" sl="43" sc="70" el="43" ec="73" bec="0" bev="0" fileid="5" />
                <SequencePoint vc="0" uspid="225" ordinal="12" offset="136" sl="43" sc="55" el="43" ec="68" bec="2" bev="0" fileid="5" />
                <SequencePoint vc="0" uspid="226" ordinal="13" offset="151" sl="50" sc="13" el="50" ec="24" bec="0" bev="0" fileid="5" />
                <SequencePoint vc="0" uspid="227" ordinal="14" offset="155" sl="51" sc="9" el="51" ec="10" bec="0" bev="0" fileid="5" />
              </SequencePoints>
              <BranchPoints>
                <BranchPoint vc="0" uspid="228" ordinal="0" offset="9" sl="41" path="0" offsetend="11" fileid="5" />
                <BranchPoint vc="0" uspid="229" ordinal="1" offset="9" sl="41" path="1" offsetend="18" fileid="5" />
                <BranchPoint vc="0" uspid="230" ordinal="2" offset="109" sl="45" path="0" offsetend="111" fileid="5" />
                <BranchPoint vc="0" uspid="231" ordinal="3" offset="109" sl="45" path="1" offsetend="131" fileid="5" />
                <BranchPoint vc="0" uspid="232" ordinal="4" offset="149" sl="43" path="0" offsetend="151" fileid="5" />
                <BranchPoint vc="0" uspid="233" ordinal="5" offset="149" sl="43" path="1" offsetend="68" fileid="5" />
              </BranchPoints>
              <MethodPoint xsi:type="SequencePoint" vc="0" uspid="213" ordinal="0" offset="0" sl="40" sc="9" el="40" ec="10" bec="0" bev="0" fileid="5" />
            </Method>
            <Method visited="true" cyclomaticComplexity="12" nPathComplexity="512" sequenceCoverage="93.33" branchCoverage="89.47" crapScore="12.04" isConstructor="false" isStatic="false" isGetter="false" isSetter="false">
              <Summary numSequencePoints="45" visitedSequencePoints="42" numBranchPoints="19" visitedBranchPoints="17" sequenceCoverage="93.33" branchCoverage="89.47" maxCyclomaticComplexity="12" minCyclomaticComplexity="12" maxCrapScore="12.04" minCrapScore="12.04" visitedClasses="0" numClasses="0" visitedMethods="1" numMethods="1" />
              <MetadataToken>100663310</MetadataToken>
              <Name>System.Boolean Kursach.Beap::Find(System.Int32)</Name>
              <FileRef uid="5" />
              <SequencePoints>
                <SequencePoint vc="9" uspid="234" ordinal="0" offset="0" sl="54" sc="9" el="54" ec="10" bec="0" bev="0" fileid="5">
                  <TrackedMethodRefs>
                    <TrackedMethodRef uid="1" vc="9" />
                  </TrackedMethodRefs>
                </SequencePoint>
                <SequencePoint vc="9" uspid="235" ordinal="1" offset="1" sl="55" sc="13" el="55" ec="23" bec="2" bev="2" fileid="5">
                  <TrackedMethodRefs>
                    <TrackedMethodRef uid="1" vc="9" />
                  </TrackedMethodRefs>
                </SequencePoint>
                <SequencePoint vc="1" uspid="236" ordinal="2" offset="11" sl="55" sc="24" el="55" ec="37" bec="0" bev="0" fileid="5">
                  <TrackedMethodRefs>
                    <TrackedMethodRef uid="1" vc="1" />
                  </TrackedMethodRefs>
                </SequencePoint>
                <SequencePoint vc="8" uspid="237" ordinal="3" offset="18" sl="56" sc="13" el="56" ec="33" bec="0" bev="0" fileid="5">
                  <TrackedMethodRefs>
                    <TrackedMethodRef uid="1" vc="8" />
                  </TrackedMethodRefs>
                </SequencePoint>
                <SequencePoint vc="8" uspid="238" ordinal="4" offset="25" sl="57" sc="13" el="57" ec="44" bec="0" bev="0" fileid="5">
                  <TrackedMethodRefs>
                    <TrackedMethodRef uid="1" vc="8" />
                  </TrackedMethodRefs>
                </SequencePoint>
                <SequencePoint vc="8" uspid="239" ordinal="5" offset="33" sl="58" sc="13" el="58" ec="50" bec="2" bev="1" fileid="5">
                  <TrackedMethodRefs>
                    <TrackedMethodRef uid="1" vc="8" />
                  </TrackedMethodRefs>
                </SequencePoint>
                <SequencePoint vc="0" uspid="240" ordinal="6" offset="71" sl="58" sc="51" el="58" ec="63" bec="0" bev="0" fileid="5" />
                <SequencePoint vc="26" uspid="241" ordinal="7" offset="83" sl="60" sc="13" el="60" ec="14" bec="0" bev="0" fileid="5">
                  <TrackedMethodRefs>
                    <TrackedMethodRef uid="1" vc="26" />
                  </TrackedMethodRefs>
                </SequencePoint>
                <SequencePoint vc="26" uspid="242" ordinal="8" offset="84" sl="61" sc="17" el="61" ec="80" bec="2" bev="2" fileid="5">
                  <TrackedMethodRefs>
                    <TrackedMethodRef uid="1" vc="26" />
                  </TrackedMethodRefs>
                </SequencePoint>
                <SequencePoint vc="17" uspid="243" ordinal="9" offset="151" sl="62" sc="17" el="62" ec="18" bec="0" bev="0" fileid="5">
                  <TrackedMethodRefs>
                    <TrackedMethodRef uid="1" vc="17" />
                  </TrackedMethodRefs>
                </SequencePoint>
                <SequencePoint vc="17" uspid="244" ordinal="10" offset="152" sl="63" sc="21" el="63" ec="83" bec="2" bev="2" fileid="5">
                  <TrackedMethodRefs>
                    <TrackedMethodRef uid="1" vc="17" />
                  </TrackedMethodRefs>
                </SequencePoint>
                <SequencePoint vc="3" uspid="245" ordinal="11" offset="182" sl="64" sc="21" el="64" ec="22" bec="0" bev="0" fileid="5">
                  <TrackedMethodRefs>
                    <TrackedMethodRef uid="1" vc="3" />
                  </TrackedMethodRefs>
                </SequencePoint>
                <SequencePoint vc="3" uspid="246" ordinal="12" offset="183" sl="65" sc="25" el="65" ec="38" bec="0" bev="0" fileid="5">
                  <TrackedMethodRefs>
                    <TrackedMethodRef uid="1" vc="3" />
                  </TrackedMethodRefs>
                </SequencePoint>
                <SequencePoint vc="14" uspid="247" ordinal="13" offset="190" sl="68" sc="21" el="69" ec="80" bec="2" bev="2" fileid="5">
                  <TrackedMethodRefs>
                    <TrackedMethodRef uid="1" vc="14" />
                  </TrackedMethodRefs>
                </SequencePoint>
                <SequencePoint vc="2" uspid="248" ordinal="14" offset="251" sl="70" sc="21" el="70" ec="22" bec="0" bev="0" fileid="5">
                  <TrackedMethodRefs>
                    <TrackedMethodRef uid="1" vc="2" />
                  </TrackedMethodRefs>
                </SequencePoint>
                <SequencePoint vc="2" uspid="249" ordinal="15" offset="252" sl="71" sc="25" el="71" ec="38" bec="0" bev="0" fileid="5">
                  <TrackedMethodRefs>
[...]
                <SequencePoint vc="0" uspid="1161" ordinal="0" offset="0" sl="15" sc="9" el="15" ec="10" bec="0" bev="0" fileid="8" />
                <SequencePoint vc="0" uspid="1162" ordinal="1" offset="1" sl="16" sc="13" el="16" ec="51" bec="2" bev="0" fileid="8" />
                <SequencePoint vc="0" uspid="1163" ordinal="2" offset="20" sl="17" sc="13" el="17" ec="14" bec="0" bev="0" fileid="8" />
                <SequencePoint vc="0" uspid="1164" ordinal="3" offset="21" sl="18" sc="17" el="18" ec="38" bec="0" bev="0" fileid="8" />
                <SequencePoint vc="0" uspid="1165" ordinal="4" offset="33" sl="19" sc="13" el="19" ec="14" bec="0" bev="0" fileid="8" />
                <SequencePoint vc="0" uspid="1166" ordinal="5" offset="34" sl="20" sc="13" el="20" ec="37" bec="0" bev="0" fileid="8" />
                <SequencePoint vc="0" uspid="1167" ordinal="6" offset="42" sl="21" sc="9" el="21" ec="10" bec="0" bev="0" fileid="8" />
              </SequencePoints>
              <BranchPoints>
                <BranchPoint vc="0" uspid="1170" ordinal="2" offset="18" sl="16" path="0" offsetend="20" fileid="8" />
                <BranchPoint vc="0" uspid="1171" ordinal="3" offset="18" sl="16" path="1" offsetend="34" fileid="8" />
              </BranchPoints>
              <MethodPoint xsi:type="SequencePoint" vc="0" uspid="1161" ordinal="0" offset="0" sl="15" sc="9" el="15" ec="10" bec="0" bev="0" fileid="8" />
            </Method>
            <Method visited="false" cyclomaticComplexity="1" nPathComplexity="0" sequenceCoverage="0" branchCoverage="0" crapScore="2" isConstructor="false" isStatic="false" isGetter="false" isSetter="false">
              <Summary numSequencePoints="23" visitedSequencePoints="0" numBranchPoints="1" visitedBranchPoints="0" sequenceCoverage="0" branchCoverage="0" maxCyclomaticComplexity="1" minCyclomaticComplexity="1" maxCrapScore="2" minCrapScore="2" visitedClasses="0" numClasses="0" visitedMethods="0" numMethods="1" />
              <MetadataToken>100663344</MetadataToken>
              <Name>System.Void Kursach.Help::InitializeComponent()</Name>
              <FileRef uid="8" />
              <SequencePoints>
                <SequencePoint vc="0" uspid="1172" ordinal="0" offset="0" sl="30" sc="9" el="30" ec="10" bec="0" bev="0" fileid="8" />
                <SequencePoint vc="0" uspid="1173" ordinal="1" offset="1" sl="31" sc="13" el="31" ec="64" bec="0" bev="0" fileid="8" />
                <SequencePoint vc="0" uspid="1174" ordinal="2" offset="12" sl="32" sc="13" el="32" ec="34" bec="0" bev="0" fileid="8" />
                <SequencePoint vc="0" uspid="1175" ordinal="3" offset="19" sl="36" sc="13" el="36" ec="43" bec="0" bev="0" fileid="8" />
                <SequencePoint vc="0" uspid="1176" ordinal="4" offset="32" sl="37" sc="13" el="37" ec="171" bec="0" bev="0" fileid="8" />
                <SequencePoint vc="0" uspid="1177" ordinal="5" offset="66" sl="38" sc="13" el="38" ec="71" bec="0" bev="0" fileid="8" />
                <SequencePoint vc="0" uspid="1178" ordinal="6" offset="87" sl="39" sc="13" el="39" ec="44" bec="0" bev="0" fileid="8" />
                <SequencePoint vc="0" uspid="1179" ordinal="7" offset="100" sl="40" sc="13" el="40" ec="45" bec="0" bev="0" fileid="8" />
                <SequencePoint vc="0" uspid="1180" ordinal="8" offset="117" sl="41" sc="13" el="41" ec="68" bec="0" bev="0" fileid="8" />
                <SequencePoint vc="0" uspid="1181" ordinal="9" offset="144" sl="42" sc="13" el="42" ec="40" bec="0" bev="0" fileid="8" />
                <SequencePoint vc="0" uspid="1182" ordinal="10" offset="157" sl="43" sc="13" el="45" ec="27" bec="0" bev="0" fileid="8" />
                <SequencePoint vc="0" uspid="1183" ordinal="11" offset="174" sl="49" sc="13" el="49" ec="74" bec="0" bev="0" fileid="8" />
                <SequencePoint vc="0" uspid="1184" ordinal="12" offset="196" sl="50" sc="13" el="50" ec="74" bec="0" bev="0" fileid="8" />
                <SequencePoint vc="0" uspid="1185" ordinal="13" offset="204" sl="51" sc="13" el="51" ec="65" bec="0" bev="0" fileid="8" />
                <SequencePoint vc="0" uspid="1186" ordinal="14" offset="226" sl="52" sc="13" el="52" ec="46" bec="0" bev="0" fileid="8" />
                <SequencePoint vc="0" uspid="1187" ordinal="15" offset="244" sl="53" sc="13" el="53" ec="85" bec="0" bev="0" fileid="8" />
                <SequencePoint vc="0" uspid="1188" ordinal="16" offset="252" sl="54" sc="13" el="54" ec="38" bec="0" bev="0" fileid="8" />
                <SequencePoint vc="0" uspid="1189" ordinal="17" offset="260" sl="55" sc="13" el="55" ec="38" bec="0" bev="0" fileid="8" />
                <SequencePoint vc="0" uspid="1190" ordinal="18" offset="268" sl="56" sc="13" el="56" ec="32" bec="0" bev="0" fileid="8" />
                <SequencePoint vc="0" uspid="1191" ordinal="19" offset="280" sl="57" sc="13" el="57" ec="32" bec="0" bev="0" fileid="8" />
                <SequencePoint vc="0" uspid="1192" ordinal="20" offset="292" sl="58" sc="13" el="58" ec="38" bec="0" bev="0" fileid="8" />
                <SequencePoint vc="0" uspid="1193" ordinal="21" offset="300" sl="59" sc="13" el="59" ec="34" bec="0" bev="0" fileid="8" />
                <SequencePoint vc="0" uspid="1194" ordinal="22" offset="307" sl="61" sc="9" el="61" ec="10" bec="0" bev="0" fileid="8" />
              </SequencePoints>
              <BranchPoints />
              <MethodPoint xsi:type="SequencePoint" vc="0" uspid="1172" ordinal="0" offset="0" sl="30" sc="9" el="30" ec="10" bec="0" bev="0" fileid="8" />
            </Method>
          </Methods>
        </Class>
        <Class>
          <Summary numSequencePoints="5" visitedSequencePoints="0" numBranchPoints="1" visitedBranchPoints="0" sequenceCoverage="0" branchCoverage="0" maxCyclomaticComplexity="1" minCyclomaticComplexity="1" maxCrapScore="2" minCrapScore="2" visitedClasses="0" numClasses="1" visitedMethods="0" numMethods="1" />
          <FullName>Kursach.Program</FullName>
          <Methods>
            <Method visited="false" cyclomaticComplexity="1" nPathComplexity="0" sequenceCoverage="0" branchCoverage="0" crapScore="2" isConstructor="false" isStatic="true" isGetter="false" isSetter="false">
              <Summary numSequencePoints="5" visitedSequencePoints="0" numBranchPoints="1" visitedBranchPoints="0" sequenceCoverage="0" branchCoverage="0" maxCyclomaticComplexity="1" minCyclomaticComplexity="1" maxCrapScore="2" minCrapScore="2" visitedClasses="0" numClasses="0" visitedMethods="0" numMethods="1" />
              <MetadataToken>100663345</MetadataToken>
              <Name>System.Void Kursach.Program::Main()</Name>
              <FileRef uid="10" />
              <SequencePoints>
                <SequencePoint vc="0" uspid="1195" ordinal="0" offset="0" sl="16" sc="9" el="16" ec="10" bec="0" bev="0" fileid="10" />
                <SequencePoint vc="0" uspid="1196" ordinal="1" offset="1" sl="17" sc="13" el="17" ec="46" bec="0" bev="0" fileid="10" />
                <SequencePoint vc="0" uspid="1197" ordinal="2" offset="7" sl="18" sc="13" el="18" ec="66" bec="0" bev="0" fileid="10" />
                <SequencePoint vc="0" uspid="1198" ordinal="3" offset="14" sl="19" sc="13" el="19" ec="42" bec="0" bev="0" fileid="10" />
                <SequencePoint vc="0" uspid="1199" ordinal="4" offset="25" sl="20" sc="9" el="20" ec="10" bec="0" bev="0" fileid="10" />
              </SequencePoints>
              <BranchPoints />
              <MethodPoint xsi:type="SequencePoint" vc="0" uspid="1195" ordinal="0" offset="0" sl="16" sc="9" el="16" ec="10" bec="0" bev="0" fileid="10" />
            </Method>
          </Methods>
        </Class>
        <Class>
          <Summary numSequencePoints="20" visitedSequencePoints="0" numBranchPoints="7" visitedBranchPoints="0" sequenceCoverage="0" branchCoverage="0" maxCyclomaticComplexity="2" minCyclomaticComplexity="1" maxCrapScore="6" minCrapScore="2" visitedClasses="0" numClasses="1" visitedMethods="0" numMethods="5" />
          <FullName>Kursach.Properties.Resources</FullName>
          <Methods>
            <Method visited="false" cyclomaticComplexity="2" nPathComplexity="2" sequenceCoverage="0" branchCoverage="0" crapScore="6" isConstructor="false" isStatic="true" isGetter="true" isSetter="false">
              <Summary numSequencePoints="8" visitedSequencePoints="0" numBranchPoints="3" visitedBranchPoints="0" sequenceCoverage="0" branchCoverage="0" maxCyclomaticComplexity="2" minCyclomaticComplexity="2" maxCrapScore="6" minCrapScore="6" visitedClasses="0" numClasses="0" visitedMethods="0" numMethods="1" />
              <MetadataToken>100663347</MetadataToken>
              <Name>System.Resources.ResourceManager Kursach.Properties.Resources::get_ResourceManager()</Name>
              <FileRef uid="11" />
              <SequencePoints>
                <SequencePoint vc="0" uspid="1200" ordinal="0" offset="0" sl="40" sc="17" el="40" ec="18" bec="0" bev="0" fileid="11" />
                <SequencePoint vc="0" uspid="1201" ordinal="1" offset="1" sl="41" sc="17" el="41" ec="63" bec="2" bev="0" fileid="11" />
                <SequencePoint vc="0" uspid="1202" ordinal="2" offset="13" sl="41" sc="64" el="41" ec="65" bec="0" bev="0" fileid="11" />
                <SequencePoint vc="0" uspid="1203" ordinal="3" offset="14" sl="42" sc="21" el="42" ec="174" bec="0" bev="0" fileid="11" />
                <SequencePoint vc="0" uspid="1204" ordinal="4" offset="40" sl="43" sc="21" el="43" ec="40" bec="0" bev="0" fileid="11" />
                <SequencePoint vc="0" uspid="1205" ordinal="5" offset="46" sl="44" sc="17" el="44" ec="18" bec="0" bev="0" fileid="11" />
                <SequencePoint vc="0" uspid="1206" ordinal="6" offset="47" sl="45" sc="17" el="45" ec="36" bec="0" bev="0" fileid="11" />
                <SequencePoint vc="0" uspid="1207" ordinal="7" offset="55" sl="46" sc="13" el="46" ec="14" bec="0" bev="0" fileid="11" />
              </SequencePoints>
              <BranchPoints>
                <BranchPoint vc="0" uspid="1208" ordinal="0" offset="11" sl="41" path="0" offsetend="13" fileid="11" />
                <BranchPoint vc="0" uspid="1209" ordinal="1" offset="11" sl="41" path="1" offsetend="47" fileid="11" />
              </BranchPoints>
              <MethodPoint xsi:type="SequencePoint" vc="0" uspid="1200" ordinal="0" offset="0" sl="40" sc="17" el="40" ec="18" bec="0" bev="0" fileid="11" />
            </Method>
            <Method visited="false" cyclomaticComplexity="1" nPathComplexity="0" sequenceCoverage="0" branchCoverage="0" crapScore="2" isConstructor="false" isStatic="true" isGetter="true" isSetter="false">
              <Summary numSequencePoints="3" visitedSequencePoints="0" numBranchPoints="1" visitedBranchPoints="0" sequenceCoverage="0" branchCoverage="0" maxCyclomaticComplexity="1" minCyclomaticComplexity="1" maxCrapScore="2" minCrapScore="2" visitedClasses="0" numClasses="0" visitedMethods="0" numMethods="1" />
              <MetadataToken>100663348</MetadataToken>
              <Name>System.Globalization.CultureInfo Kursach.Properties.Resources::get_Culture()</Name>
              <FileRef uid="11" />
              <SequencePoints>
                <SequencePoint vc="0" uspid="1210" ordinal="0" offset="0" sl="55" sc="17" el="55" ec="18" bec="0" bev="0" fileid="11" />
                <SequencePoint vc="0" uspid="1211" ordinal="1" offset="1" sl="56" sc="17" el="56" ec="40" bec="0" bev="0" fileid="11" />
                <SequencePoint vc="0" uspid="1212" ordinal="2" offset="9" sl="57" sc="13" el="57" ec="14" bec="0" bev="0" fileid="11" />
              </SequencePoints>
              <BranchPoints />
              <MethodPoint xsi:type="SequencePoint" vc="0" uspid="1210" ordinal="0" offset="0" sl="55" sc="17" el="55" ec="18" bec="0" bev="0" fileid="11" />
            </Method>
            <Method visited="false" cyclomaticComplexity="1" nPathComplexity="0" sequenceCoverage="0" branchCoverage="0" crapScore="2" isConstructor="false" isStatic="true" isGetter="false" isSetter="true">
              <Summary numSequencePoints="3" visitedSequencePoints="0" numBranchPoints="1" visitedBranchPoints="0" sequenceCoverage="0" branchCoverage="0" maxCyclomaticComplexity="1" minCyclomaticComplexity="1" maxCrapScore="2" minCrapScore="2" visitedClasses="0" numClasses="0" visitedMethods="0" numMethods="1" />
              <MetadataToken>100663349</MetadataToken>
              <Name>System.Void Kursach.Properties.Resources::set_Culture(System.Globalization.CultureInfo)</Name>
              <FileRef uid="11" />
              <SequencePoints>
                <SequencePoint vc="0" uspid="1213" ordinal="0" offset="0" sl="58" sc="17" el="58" ec="18" bec="0" bev="0" fileid="11" />
                <SequencePoint vc="0" uspid="1214" ordinal="1" offset="1" sl="59" sc="17" el="59" ec="41" bec="0" bev="0" fileid="11" />
                <SequencePoint vc="0" uspid="1215" ordinal="2" offset="7" sl="60" sc="13" el="60" ec="14" bec="0" bev="0" fileid="11" />
              </SequencePoints>
              <BranchPoints />
              <MethodPoint xsi:type="SequencePoint" vc="0" uspid="1213" ordinal="0" offset="0" sl="58" sc="17" el="58" ec="18" bec="0" bev="0" fileid="11" />
            </Method>
            <Method visited="false" cyclomaticComplexity="1" nPathComplexity="0" sequenceCoverage="0" branchCoverage="0" crapScore="2" isConstructor="false" isStatic="true" isGetter="true" isSetter="false">
              <Summary numSequencePoints="3" visitedSequencePoints="0" numBranchPoints="1" visitedBranchPoints="0" sequenceCoverage="0" branchCoverage="0" maxCyclomaticComplexity="1" minCyclomaticComplexity="1" maxCrapScore="2" minCrapScore="2" visitedClasses="0" numClasses="0" visitedMethods="0" numMethods="1" />
              <MetadataToken>100663350</MetadataToken>
              <Name>System.String Kursach.Properties.Resources::get_Form1_button2_Click_елемент_знайдено()</Name>
              <FileRef uid="11" />
              <SequencePoints>
                <SequencePoint vc="0" uspid="1216" ordinal="0" offset="0" sl="67" sc="17" el="67" ec="18" bec="0" bev="0" fileid="11" />
                <SequencePoint vc="0" uspid="1217" ordinal="1" offset="1" sl="68" sc="17" el="68" ec="107" bec="0" bev="0" fileid="11" />
                <SequencePoint vc="0" uspid="1218" ordinal="2" offset="24" sl="69" sc="13" el="69" ec="14" bec="0" bev="0" fileid="11" />
              </SequencePoints>
              <BranchPoints />
              <MethodPoint xsi:type="SequencePoint" vc="0" uspid="1216" ordinal="0" offset="0" sl="67" sc="17" el="67" ec="18" bec="0" bev="0" fileid="11" />
            </Method>
            <Method visited="false" cyclomaticComplexity="1" nPathComplexity="0" sequenceCoverage="0" branchCoverage="0" crapScore="2" isConstructor="true" isStatic="false" isGetter="false" isSetter="false">
              <Summary numSequencePoints="3" visitedSequencePoints="0" numBranchPoints="1" visitedBranchPoints="0" sequenceCoverage="0" branchCoverage="0" maxCyclomaticComplexity="1" minCyclomaticComplexity="1" maxCrapScore="2" minCrapScore="2" visitedClasses="0" numClasses="0" visitedMethods="0" numMethods="1" />
              <MetadataToken>100663346</MetadataToken>
              <Name>System.Void Kursach.Properties.Resources::.ctor()</Name>
              <FileRef uid="11" />
              <SequencePoints>
                <SequencePoint vc="0" uspid="1219" ordinal="0" offset="0" sl="32" sc="9" el="32" ec="29" bec="0" bev="0" fileid="11" />
                <SequencePoint vc="0" uspid="1220" ordinal="1" offset="7" sl="32" sc="30" el="32" ec="31" bec="0" bev="0" fileid="11" />
                <SequencePoint vc="0" uspid="1221" ordinal="2" offset="8" sl="33" sc="9" el="33" ec="10" bec="0" bev="0" fileid="11" />
              </SequencePoints>
              <BranchPoints />
              <MethodPoint xsi:type="SequencePoint" vc="0" uspid="1219" ordinal="0" offset="0" sl="32" sc="9" el="32" ec="29" bec="0" bev="0" fileid="11" />
            </Method>
          </Methods>
        </Class>
        <Class>
          <Summary numSequencePoints="4" visitedSequencePoints="0" numBranchPoints="2" visitedBranchPoints="0" sequenceCoverage="0" branchCoverage="0" maxCyclomaticComplexity="1" minCyclomaticComplexity="1" maxCrapScore="2" minCrapScore="2" visitedClasses="0" numClasses="1" visitedMethods="0" numMethods="2" />
          <FullName>Kursach.Properties.Settings</FullName>
          <Methods>
            <Method visited="false" cyclomaticComplexity="1" nPathComplexity="0" sequenceCoverage="0" branchCoverage="0" crapScore="2" isConstructor="false" isStatic="true" isGetter="true" isSetter="false">
              <Summary numSequencePoints="3" visitedSequencePoints="0" numBranchPoints="1" visitedBranchPoints="0" sequenceCoverage="0" branchCoverage="0" maxCyclomaticComplexity="1" minCyclomaticComplexity="1" maxCrapScore="2" minCrapScore="2" visitedClasses="0" numClasses="0" visitedMethods="0" numMethods="1" />
              <MetadataToken>100663351</MetadataToken>
              <Name>Kursach.Properties.Settings Kursach.Properties.Settings::get_Default()</Name>
              <FileRef uid="12" />
              <SequencePoints>
                <SequencePoint vc="0" uspid="1222" ordinal="0" offset="0" sl="25" sc="13" el="25" ec="14" bec="0" bev="0" fileid="12" />
                <SequencePoint vc="0" uspid="1223" ordinal="1" offset="1" sl="26" sc="17" el="26" ec="40" bec="0" bev="0" fileid="12" />
                <SequencePoint vc="0" uspid="1224" ordinal="2" offset="9" sl="27" sc="13" el="27" ec="14" bec="0" bev="0" fileid="12" />
              </SequencePoints>
              <BranchPoints />
              <MethodPoint xsi:type="SequencePoint" vc="0" uspid="1222" ordinal="0" offset="0" sl="25" sc="13" el="25" ec="14" bec="0" bev="0" fileid="12" />
            </Method>
            <Method visited="false" cyclomaticComplexity="1" nPathComplexity="0" sequenceCoverage="0" branchCoverage="0" crapScore="2" isConstructor="true" isStatic="false" isGetter="false" isSetter="false">
              <Summary numSequencePoints="0" visitedSequencePoints="0" numBranchPoints="0" visitedBranchPoints="0" sequenceCoverage="0" branchCoverage="0" maxCyclomaticComplexity="1" minCyclomaticComplexity="1" maxCrapScore="2" minCrapScore="2" visitedClasses="0" numClasses="0" visitedMethods="0" numMethods="0" />
              <MetadataToken>100663352</MetadataToken>
              <Name>System.Void Kursach.Properties.Settings::.ctor()</Name>
              <SequencePoints />
              <BranchPoints />
              <MethodPoint vc="0" uspid="1225" ordinal="0" offset="0" />
            </Method>
            <Method visited="false" cyclomaticComplexity="1" nPathComplexity="0" sequenceCoverage="0" branchCoverage="0" crapScore="2" isConstructor="true" isStatic="true" isGetter="false" isSetter="false">
              <Summary numSequencePoints="1" visitedSequencePoints="0" numBranchPoints="1" visitedBranchPoints="0" sequenceCoverage="0" branchCoverage="0" maxCyclomaticComplexity="1" minCyclomaticComplexity="1" maxCrapScore="2" minCrapScore="2" visitedClasses="0" numClasses="0" visitedMethods="0" numMethods="1" />
              <MetadataToken>100663353</MetadataToken>
              <Name>System.Void Kursach.Properties.Settings::.cctor()</Name>
              <FileRef uid="12" />
              <SequencePoints>
                <SequencePoint vc="0" uspid="1226" ordinal="0" offset="0" sl="20" sc="9" el="20" ec="147" bec="0" bev="0" fileid="12" />
              </SequencePoints>
              <BranchPoints />
              <MethodPoint xsi:type="SequencePoint" vc="0" uspid="1226" ordinal="0" offset="0" sl="20" sc="9" el="20" ec="147" bec="0" bev="0" fileid="12" />
            </Method>
          </Methods>
        </Class>
      </Classes>
      <TrackedMethods />
    </Module>
  </Modules>
</CoverageSession>